程序监测启动时间: 2021-01-20 15:53:19.809796
【日志模式：异常】
['水资源与环境学院2021申请-考核博士研究生拟录取名单公示（第一批）', '水资源与环境学院2021招收“申请-考核”攻读博士学位研究生复试通知', '水资源与环境学院2021年博士生申请—考核材料初审通过名单公示', '水资源与环境学院第二十七届研究生学术报告会获奖名单', '2020年冬季毕业研究生答辩材料', '中国地质大学（北京）水资源与环境学院博士生“申请-考核”招生选拔实施细则', '水资源与环境学院关于举办第二十七届研究生学术报告会 及研究生开题、中期考核的通知', '2020年水资源与环境学院研究生学业奖学金评审结果公示', '吉林大学赵勇胜教授学术报告通知']
['水资源与环境学院2021申请-考核博士研究生拟录取名单公示（第一批）', '水资源与环境学院2021招收“申请-考核”攻读博士学位研究生复试通知', '水资源与环境学院2021年博士生申请—考核材料初审通过名单公示', '水资源与环境学院第二十七届研究生学术报告会获奖名单', '2020年冬季毕业研究生答辩材料', '中国地质大学（北京）水资源与环境学院博士生“申请-考核”招生选拔实施细则', '水资源与环境学院关于举办第二十七届研究生学术报告会 及研究生开题、中期考核的通知', '2020年水资源与环境学院研究生学业奖学金评审结果公示', '吉林大学赵勇胜教授学术报告通知']
['水资源与环境学院2021申请-考核博士研究生拟录取名单公示（第一批）', '水资源与环境学院2021招收“申请-考核”攻读博士学位研究生复试通知', '水资源与环境学院2021年博士生申请—考核材料初审通过名单公示', '水资源与环境学院第二十七届研究生学术报告会获奖名单', '2020年冬季毕业研究生答辩材料', '中国地质大学（北京）水资源与环境学院博士生“申请-考核”招生选拔实施细则', '水资源与环境学院关于举办第二十七届研究生学术报告会 及研究生开题、中期考核的通知', '2020年水资源与环境学院研究生学业奖学金评审结果公示', '吉林大学赵勇胜教授学术报告通知']
('Connection aborted.', ConnectionResetError(104, 'Connection reset by peer'))
['水资源与环境学院2021申请-考核博士研究生拟录取名单公示（第一批）', '水资源与环境学院2021招收“申请-考核”攻读博士学位研究生复试通知', '水资源与环境学院2021年博士生申请—考核材料初审通过名单公示', '水资源与环境学院第二十七届研究生学术报告会获奖名单', '2020年冬季毕业研究生答辩材料', '中国地质大学（北京）水资源与环境学院博士生“申请-考核”招生选拔实施细则', '水资源与环境学院关于举办第二十七届研究生学术报告会 及研究生开题、中期考核的通知', '2020年水资源与环境学院研究生学业奖学金评审结果公示', '吉林大学赵勇胜教授学术报告通知']
['水资源与环境学院2021申请-考核博士研究生拟录取名单公示（第一批）', '水资源与环境学院2021招收“申请-考核”攻读博士学位研究生复试通知', '水资源与环境学院2021年博士生申请—考核材料初审通过名单公示', '水资源与环境学院第二十七届研究生学术报告会获奖名单', '2020年冬季毕业研究生答辩材料', '中国地质大学（北京）水资源与环境学院博士生“申请-考核”招生选拔实施细则', '水资源与环境学院关于举办第二十七届研究生学术报告会 及研究生开题、中期考核的通知', '2020年水资源与环境学院研究生学业奖学金评审结果公示', '吉林大学赵勇胜教授学术报告通知']
['水资源与环境学院2021申请-考核博士研究生拟录取名单公示（第一批）', '水资源与环境学院2021招收“申请-考核”攻读博士学位研究生复试通知', '水资源与环境学院2021年博士生申请—考核材料初审通过名单公示', '水资源与环境学院第二十七届研究生学术报告会获奖名单', '2020年冬季毕业研究生答辩材料', '中国地质大学（北京）水资源与环境学院博士生“申请-考核”招生选拔实施细则', '水资源与环境学院关于举办第二十七届研究生学术报告会 及研究生开题、中期考核的通知', '2020年水资源与环境学院研究生学业奖学金评审结果公示', '吉林大学赵勇胜教授学术报告通知']
['水资源与环境学院2021申请-考核博士研究生拟录取名单公示（第一批）', '水资源与环境学院2021招收“申请-考核”攻读博士学位研究生复试通知', '水资源与环境学院2021年博士生申请—考核材料初审通过名单公示', '水资源与环境学院第二十七届研究生学术报告会获奖名单', '2020年冬季毕业研究生答辩材料', '中国地质大学（北京）水资源与环境学院博士生“申请-考核”招生选拔实施细则', '水资源与环境学院关于举办第二十七届研究生学术报告会 及研究生开题、中期考核的通知', '2020年水资源与环境学院研究生学业奖学金评审结果公示', '吉林大学赵勇胜教授学术报告通知']
['水资源与环境学院2021申请-考核博士研究生拟录取名单公示（第一批）', '水资源与环境学院2021招收“申请-考核”攻读博士学位研究生复试通知', '水资源与环境学院2021年博士生申请—考核材料初审通过名单公示', '水资源与环境学院第二十七届研究生学术报告会获奖名单', '2020年冬季毕业研究生答辩材料', '中国地质大学（北京）水资源与环境学院博士生“申请-考核”招生选拔实施细则', '水资源与环境学院关于举办第二十七届研究生学术报告会 及研究生开题、中期考核的通知', '2020年水资源与环境学院研究生学业奖学金评审结果公示', '吉林大学赵勇胜教授学术报告通知']
['水资源与环境学院2021申请-考核博士研究生拟录取名单公示（第一批）', '水资源与环境学院2021招收“申请-考核”攻读博士学位研究生复试通知', '水资源与环境学院2021年博士生申请—考核材料初审通过名单公示', '水资源与环境学院第二十七届研究生学术报告会获奖名单', '2020年冬季毕业研究生答辩材料', '中国地质大学（北京）水资源与环境学院博士生“申请-考核”招生选拔实施细则', '水资源与环境学院关于举办第二十七届研究生学术报告会 及研究生开题、中期考核的通知', '2020年水资源与环境学院研究生学业奖学金评审结果公示', '吉林大学赵勇胜教授学术报告通知']
['水资源与环境学院2021申请-考核博士研究生拟录取名单公示（第一批）', '水资源与环境学院2021招收“申请-考核”攻读博士学位研究生复试通知', '水资源与环境学院2021年博士生申请—考核材料初审通过名单公示', '水资源与环境学院第二十七届研究生学术报告会获奖名单', '2020年冬季毕业研究生答辩材料', '中国地质大学（北京）水资源与环境学院博士生“申请-考核”招生选拔实施细则', '水资源与环境学院关于举办第二十七届研究生学术报告会 及研究生开题、中期考核的通知', '2020年水资源与环境学院研究生学业奖学金评审结果公示', '吉林大学赵勇胜教授学术报告通知']
['水资源与环境学院2021申请-考核博士研究生拟录取名单公示（第一批）', '水资源与环境学院2021招收“申请-考核”攻读博士学位研究生复试通知', '水资源与环境学院2021年博士生申请—考核材料初审通过名单公示', '水资源与环境学院第二十七届研究生学术报告会获奖名单', '2020年冬季毕业研究生答辩材料', '中国地质大学（北京）水资源与环境学院博士生“申请-考核”招生选拔实施细则', '水资源与环境学院关于举办第二十七届研究生学术报告会 及研究生开题、中期考核的通知', '2020年水资源与环境学院研究生学业奖学金评审结果公示', '吉林大学赵勇胜教授学术报告通知']
['水资源与环境学院2021申请-考核博士研究生拟录取名单公示（第一批）', '水资源与环境学院2021招收“申请-考核”攻读博士学位研究生复试通知', '水资源与环境学院2021年博士生申请—考核材料初审通过名单公示', '水资源与环境学院第二十七届研究生学术报告会获奖名单', '2020年冬季毕业研究生答辩材料', '中国地质大学（北京）水资源与环境学院博士生“申请-考核”招生选拔实施细则', '水资源与环境学院关于举办第二十七届研究生学术报告会 及研究生开题、中期考核的通知', '2020年水资源与环境学院研究生学业奖学金评审结果公示', '吉林大学赵勇胜教授学术报告通知']
['水资源与环境学院2021申请-考核博士研究生拟录取名单公示（第一批）', '水资源与环境学院2021招收“申请-考核”攻读博士学位研究生复试通知', '水资源与环境学院2021年博士生申请—考核材料初审通过名单公示', '水资源与环境学院第二十七届研究生学术报告会获奖名单', '2020年冬季毕业研究生答辩材料', '中国地质大学（北京）水资源与环境学院博士生“申请-考核”招生选拔实施细则', '水资源与环境学院关于举办第二十七届研究生学术报告会 及研究生开题、中期考核的通知', '2020年水资源与环境学院研究生学业奖学金评审结果公示', '吉林大学赵勇胜教授学术报告通知']
['水资源与环境学院2021申请-考核博士研究生拟录取名单公示（第一批）', '水资源与环境学院2021招收“申请-考核”攻读博士学位研究生复试通知', '水资源与环境学院2021年博士生申请—考核材料初审通过名单公示', '水资源与环境学院第二十七届研究生学术报告会获奖名单', '2020年冬季毕业研究生答辩材料', '中国地质大学（北京）水资源与环境学院博士生“申请-考核”招生选拔实施细则', '水资源与环境学院关于举办第二十七届研究生学术报告会 及研究生开题、中期考核的通知', '2020年水资源与环境学院研究生学业奖学金评审结果公示', '吉林大学赵勇胜教授学术报告通知']
['水资源与环境学院2021申请-考核博士研究生拟录取名单公示（第一批）', '水资源与环境学院2021招收“申请-考核”攻读博士学位研究生复试通知', '水资源与环境学院2021年博士生申请—考核材料初审通过名单公示', '水资源与环境学院第二十七届研究生学术报告会获奖名单', '2020年冬季毕业研究生答辩材料', '中国地质大学（北京）水资源与环境学院博士生“申请-考核”招生选拔实施细则', '水资源与环境学院关于举办第二十七届研究生学术报告会 及研究生开题、中期考核的通知', '2020年水资源与环境学院研究生学业奖学金评审结果公示', '吉林大学赵勇胜教授学术报告通知']
['水资源与环境学院2021申请-考核博士研究生拟录取名单公示（第一批）', '水资源与环境学院2021招收“申请-考核”攻读博士学位研究生复试通知', '水资源与环境学院2021年博士生申请—考核材料初审通过名单公示', '水资源与环境学院第二十七届研究生学术报告会获奖名单', '2020年冬季毕业研究生答辩材料', '中国地质大学（北京）水资源与环境学院博士生“申请-考核”招生选拔实施细则', '水资源与环境学院关于举办第二十七届研究生学术报告会 及研究生开题、中期考核的通知', '2020年水资源与环境学院研究生学业奖学金评审结果公示', '吉林大学赵勇胜教授学术报告通知']
['水资源与环境学院2021申请-考核博士研究生拟录取名单公示（第一批）', '水资源与环境学院2021招收“申请-考核”攻读博士学位研究生复试通知', '水资源与环境学院2021年博士生申请—考核材料初审通过名单公示', '水资源与环境学院第二十七届研究生学术报告会获奖名单', '2020年冬季毕业研究生答辩材料', '中国地质大学（北京）水资源与环境学院博士生“申请-考核”招生选拔实施细则', '水资源与环境学院关于举办第二十七届研究生学术报告会 及研究生开题、中期考核的通知', '2020年水资源与环境学院研究生学业奖学金评审结果公示', '吉林大学赵勇胜教授学术报告通知']
['水资源与环境学院2021申请-考核博士研究生拟录取名单公示（第一批）', '水资源与环境学院2021招收“申请-考核”攻读博士学位研究生复试通知', '水资源与环境学院2021年博士生申请—考核材料初审通过名单公示', '水资源与环境学院第二十七届研究生学术报告会获奖名单', '2020年冬季毕业研究生答辩材料', '中国地质大学（北京）水资源与环境学院博士生“申请-考核”招生选拔实施细则', '水资源与环境学院关于举办第二十七届研究生学术报告会 及研究生开题、中期考核的通知', '2020年水资源与环境学院研究生学业奖学金评审结果公示', '吉林大学赵勇胜教授学术报告通知']
['水资源与环境学院2021申请-考核博士研究生拟录取名单公示（第一批）', '水资源与环境学院2021招收“申请-考核”攻读博士学位研究生复试通知', '水资源与环境学院2021年博士生申请—考核材料初审通过名单公示', '水资源与环境学院第二十七届研究生学术报告会获奖名单', '2020年冬季毕业研究生答辩材料', '中国地质大学（北京）水资源与环境学院博士生“申请-考核”招生选拔实施细则', '水资源与环境学院关于举办第二十七届研究生学术报告会 及研究生开题、中期考核的通知', '2020年水资源与环境学院研究生学业奖学金评审结果公示', '吉林大学赵勇胜教授学术报告通知']
['水资源与环境学院2021申请-考核博士研究生拟录取名单公示（第一批）', '水资源与环境学院2021招收“申请-考核”攻读博士学位研究生复试通知', '水资源与环境学院2021年博士生申请—考核材料初审通过名单公示', '水资源与环境学院第二十七届研究生学术报告会获奖名单', '2020年冬季毕业研究生答辩材料', '中国地质大学（北京）水资源与环境学院博士生“申请-考核”招生选拔实施细则', '水资源与环境学院关于举办第二十七届研究生学术报告会 及研究生开题、中期考核的通知', '2020年水资源与环境学院研究生学业奖学金评审结果公示', '吉林大学赵勇胜教授学术报告通知']
['水资源与环境学院2021申请-考核博士研究生拟录取名单公示（第一批）', '水资源与环境学院2021招收“申请-考核”攻读博士学位研究生复试通知', '水资源与环境学院2021年博士生申请—考核材料初审通过名单公示', '水资源与环境学院第二十七届研究生学术报告会获奖名单', '2020年冬季毕业研究生答辩材料', '中国地质大学（北京）水资源与环境学院博士生“申请-考核”招生选拔实施细则', '水资源与环境学院关于举办第二十七届研究生学术报告会 及研究生开题、中期考核的通知', '2020年水资源与环境学院研究生学业奖学金评审结果公示', '吉林大学赵勇胜教授学术报告通知']
['水资源与环境学院2021申请-考核博士研究生拟录取名单公示（第一批）', '水资源与环境学院2021招收“申请-考核”攻读博士学位研究生复试通知', '水资源与环境学院2021年博士生申请—考核材料初审通过名单公示', '水资源与环境学院第二十七届研究生学术报告会获奖名单', '2020年冬季毕业研究生答辩材料', '中国地质大学（北京）水资源与环境学院博士生“申请-考核”招生选拔实施细则', '水资源与环境学院关于举办第二十七届研究生学术报告会 及研究生开题、中期考核的通知', '2020年水资源与环境学院研究生学业奖学金评审结果公示', '吉林大学赵勇胜教授学术报告通知']
['水资源与环境学院2021申请-考核博士研究生拟录取名单公示（第一批）', '水资源与环境学院2021招收“申请-考核”攻读博士学位研究生复试通知', '水资源与环境学院2021年博士生申请—考核材料初审通过名单公示', '水资源与环境学院第二十七届研究生学术报告会获奖名单', '2020年冬季毕业研究生答辩材料', '中国地质大学（北京）水资源与环境学院博士生“申请-考核”招生选拔实施细则', '水资源与环境学院关于举办第二十七届研究生学术报告会 及研究生开题、中期考核的通知', '2020年水资源与环境学院研究生学业奖学金评审结果公示', '吉林大学赵勇胜教授学术报告通知']
['水资源与环境学院2021申请-考核博士研究生拟录取名单公示（第一批）', '水资源与环境学院2021招收“申请-考核”攻读博士学位研究生复试通知', '水资源与环境学院2021年博士生申请—考核材料初审通过名单公示', '水资源与环境学院第二十七届研究生学术报告会获奖名单', '2020年冬季毕业研究生答辩材料', '中国地质大学（北京）水资源与环境学院博士生“申请-考核”招生选拔实施细则', '水资源与环境学院关于举办第二十七届研究生学术报告会 及研究生开题、中期考核的通知', '2020年水资源与环境学院研究生学业奖学金评审结果公示', '吉林大学赵勇胜教授学术报告通知']
['水资源与环境学院2021申请-考核博士研究生拟录取名单公示（第一批）', '水资源与环境学院2021招收“申请-考核”攻读博士学位研究生复试通知', '水资源与环境学院2021年博士生申请—考核材料初审通过名单公示', '水资源与环境学院第二十七届研究生学术报告会获奖名单', '2020年冬季毕业研究生答辩材料', '中国地质大学（北京）水资源与环境学院博士生“申请-考核”招生选拔实施细则', '水资源与环境学院关于举办第二十七届研究生学术报告会 及研究生开题、中期考核的通知', '2020年水资源与环境学院研究生学业奖学金评审结果公示', '吉林大学赵勇胜教授学术报告通知']
['水资源与环境学院2021申请-考核博士研究生拟录取名单公示（第一批）', '水资源与环境学院2021招收“申请-考核”攻读博士学位研究生复试通知', '水资源与环境学院2021年博士生申请—考核材料初审通过名单公示', '水资源与环境学院第二十七届研究生学术报告会获奖名单', '2020年冬季毕业研究生答辩材料', '中国地质大学（北京）水资源与环境学院博士生“申请-考核”招生选拔实施细则', '水资源与环境学院关于举办第二十七届研究生学术报告会 及研究生开题、中期考核的通知', '2020年水资源与环境学院研究生学业奖学金评审结果公示', '吉林大学赵勇胜教授学术报告通知']
['水资源与环境学院2021申请-考核博士研究生拟录取名单公示（第一批）', '水资源与环境学院2021招收“申请-考核”攻读博士学位研究生复试通知', '水资源与环境学院2021年博士生申请—考核材料初审通过名单公示', '水资源与环境学院第二十七届研究生学术报告会获奖名单', '2020年冬季毕业研究生答辩材料', '中国地质大学（北京）水资源与环境学院博士生“申请-考核”招生选拔实施细则', '水资源与环境学院关于举办第二十七届研究生学术报告会 及研究生开题、中期考核的通知', '2020年水资源与环境学院研究生学业奖学金评审结果公示', '吉林大学赵勇胜教授学术报告通知']
['水资源与环境学院2021申请-考核博士研究生拟录取名单公示（第一批）', '水资源与环境学院2021招收“申请-考核”攻读博士学位研究生复试通知', '水资源与环境学院2021年博士生申请—考核材料初审通过名单公示', '水资源与环境学院第二十七届研究生学术报告会获奖名单', '2020年冬季毕业研究生答辩材料', '中国地质大学（北京）水资源与环境学院博士生“申请-考核”招生选拔实施细则', '水资源与环境学院关于举办第二十七届研究生学术报告会 及研究生开题、中期考核的通知', '2020年水资源与环境学院研究生学业奖学金评审结果公示', '吉林大学赵勇胜教授学术报告通知']
['水资源与环境学院2021申请-考核博士研究生拟录取名单公示（第一批）', '水资源与环境学院2021招收“申请-考核”攻读博士学位研究生复试通知', '水资源与环境学院2021年博士生申请—考核材料初审通过名单公示', '水资源与环境学院第二十七届研究生学术报告会获奖名单', '2020年冬季毕业研究生答辩材料', '中国地质大学（北京）水资源与环境学院博士生“申请-考核”招生选拔实施细则', '水资源与环境学院关于举办第二十七届研究生学术报告会 及研究生开题、中期考核的通知', '2020年水资源与环境学院研究生学业奖学金评审结果公示', '吉林大学赵勇胜教授学术报告通知']
['水资源与环境学院2021申请-考核博士研究生拟录取名单公示（第一批）', '水资源与环境学院2021招收“申请-考核”攻读博士学位研究生复试通知', '水资源与环境学院2021年博士生申请—考核材料初审通过名单公示', '水资源与环境学院第二十七届研究生学术报告会获奖名单', '2020年冬季毕业研究生答辩材料', '中国地质大学（北京）水资源与环境学院博士生“申请-考核”招生选拔实施细则', '水资源与环境学院关于举办第二十七届研究生学术报告会 及研究生开题、中期考核的通知', '2020年水资源与环境学院研究生学业奖学金评审结果公示', '吉林大学赵勇胜教授学术报告通知']
['水资源与环境学院2021申请-考核博士研究生拟录取名单公示（第一批）', '水资源与环境学院2021招收“申请-考核”攻读博士学位研究生复试通知', '水资源与环境学院2021年博士生申请—考核材料初审通过名单公示', '水资源与环境学院第二十七届研究生学术报告会获奖名单', '2020年冬季毕业研究生答辩材料', '中国地质大学（北京）水资源与环境学院博士生“申请-考核”招生选拔实施细则', '水资源与环境学院关于举办第二十七届研究生学术报告会 及研究生开题、中期考核的通知', '2020年水资源与环境学院研究生学业奖学金评审结果公示', '吉林大学赵勇胜教授学术报告通知']
['水资源与环境学院2021申请-考核博士研究生拟录取名单公示（第一批）', '水资源与环境学院2021招收“申请-考核”攻读博士学位研究生复试通知', '水资源与环境学院2021年博士生申请—考核材料初审通过名单公示', '水资源与环境学院第二十七届研究生学术报告会获奖名单', '2020年冬季毕业研究生答辩材料', '中国地质大学（北京）水资源与环境学院博士生“申请-考核”招生选拔实施细则', '水资源与环境学院关于举办第二十七届研究生学术报告会 及研究生开题、中期考核的通知', '2020年水资源与环境学院研究生学业奖学金评审结果公示', '吉林大学赵勇胜教授学术报告通知']
['水资源与环境学院2021申请-考核博士研究生拟录取名单公示（第一批）', '水资源与环境学院2021招收“申请-考核”攻读博士学位研究生复试通知', '水资源与环境学院2021年博士生申请—考核材料初审通过名单公示', '水资源与环境学院第二十七届研究生学术报告会获奖名单', '2020年冬季毕业研究生答辩材料', '中国地质大学（北京）水资源与环境学院博士生“申请-考核”招生选拔实施细则', '水资源与环境学院关于举办第二十七届研究生学术报告会 及研究生开题、中期考核的通知', '2020年水资源与环境学院研究生学业奖学金评审结果公示', '吉林大学赵勇胜教授学术报告通知']
['水资源与环境学院2021申请-考核博士研究生拟录取名单公示（第一批）', '水资源与环境学院2021招收“申请-考核”攻读博士学位研究生复试通知', '水资源与环境学院2021年博士生申请—考核材料初审通过名单公示', '水资源与环境学院第二十七届研究生学术报告会获奖名单', '2020年冬季毕业研究生答辩材料', '中国地质大学（北京）水资源与环境学院博士生“申请-考核”招生选拔实施细则', '水资源与环境学院关于举办第二十七届研究生学术报告会 及研究生开题、中期考核的通知', '2020年水资源与环境学院研究生学业奖学金评审结果公示', '吉林大学赵勇胜教授学术报告通知']
['水资源与环境学院2021申请-考核博士研究生拟录取名单公示（第一批）', '水资源与环境学院2021招收“申请-考核”攻读博士学位研究生复试通知', '水资源与环境学院2021年博士生申请—考核材料初审通过名单公示', '水资源与环境学院第二十七届研究生学术报告会获奖名单', '2020年冬季毕业研究生答辩材料', '中国地质大学（北京）水资源与环境学院博士生“申请-考核”招生选拔实施细则', '水资源与环境学院关于举办第二十七届研究生学术报告会 及研究生开题、中期考核的通知', '2020年水资源与环境学院研究生学业奖学金评审结果公示', '吉林大学赵勇胜教授学术报告通知']
['水资源与环境学院2021申请-考核博士研究生拟录取名单公示（第一批）', '水资源与环境学院2021招收“申请-考核”攻读博士学位研究生复试通知', '水资源与环境学院2021年博士生申请—考核材料初审通过名单公示', '水资源与环境学院第二十七届研究生学术报告会获奖名单', '2020年冬季毕业研究生答辩材料', '中国地质大学（北京）水资源与环境学院博士生“申请-考核”招生选拔实施细则', '水资源与环境学院关于举办第二十七届研究生学术报告会 及研究生开题、中期考核的通知', '2020年水资源与环境学院研究生学业奖学金评审结果公示', '吉林大学赵勇胜教授学术报告通知']
['水资源与环境学院2021申请-考核博士研究生拟录取名单公示（第一批）', '水资源与环境学院2021招收“申请-考核”攻读博士学位研究生复试通知', '水资源与环境学院2021年博士生申请—考核材料初审通过名单公示', '水资源与环境学院第二十七届研究生学术报告会获奖名单', '2020年冬季毕业研究生答辩材料', '中国地质大学（北京）水资源与环境学院博士生“申请-考核”招生选拔实施细则', '水资源与环境学院关于举办第二十七届研究生学术报告会 及研究生开题、中期考核的通知', '2020年水资源与环境学院研究生学业奖学金评审结果公示', '吉林大学赵勇胜教授学术报告通知']
['水资源与环境学院2021申请-考核博士研究生拟录取名单公示（第一批）', '水资源与环境学院2021招收“申请-考核”攻读博士学位研究生复试通知', '水资源与环境学院2021年博士生申请—考核材料初审通过名单公示', '水资源与环境学院第二十七届研究生学术报告会获奖名单', '2020年冬季毕业研究生答辩材料', '中国地质大学（北京）水资源与环境学院博士生“申请-考核”招生选拔实施细则', '水资源与环境学院关于举办第二十七届研究生学术报告会 及研究生开题、中期考核的通知', '2020年水资源与环境学院研究生学业奖学金评审结果公示', '吉林大学赵勇胜教授学术报告通知']
['水资源与环境学院2021申请-考核博士研究生拟录取名单公示（第一批）', '水资源与环境学院2021招收“申请-考核”攻读博士学位研究生复试通知', '水资源与环境学院2021年博士生申请—考核材料初审通过名单公示', '水资源与环境学院第二十七届研究生学术报告会获奖名单', '2020年冬季毕业研究生答辩材料', '中国地质大学（北京）水资源与环境学院博士生“申请-考核”招生选拔实施细则', '水资源与环境学院关于举办第二十七届研究生学术报告会 及研究生开题、中期考核的通知', '2020年水资源与环境学院研究生学业奖学金评审结果公示', '吉林大学赵勇胜教授学术报告通知']
['水资源与环境学院2021申请-考核博士研究生拟录取名单公示（第一批）', '水资源与环境学院2021招收“申请-考核”攻读博士学位研究生复试通知', '水资源与环境学院2021年博士生申请—考核材料初审通过名单公示', '水资源与环境学院第二十七届研究生学术报告会获奖名单', '2020年冬季毕业研究生答辩材料', '中国地质大学（北京）水资源与环境学院博士生“申请-考核”招生选拔实施细则', '水资源与环境学院关于举办第二十七届研究生学术报告会 及研究生开题、中期考核的通知', '2020年水资源与环境学院研究生学业奖学金评审结果公示', '吉林大学赵勇胜教授学术报告通知']
['水资源与环境学院2021申请-考核博士研究生拟录取名单公示（第一批）', '水资源与环境学院2021招收“申请-考核”攻读博士学位研究生复试通知', '水资源与环境学院2021年博士生申请—考核材料初审通过名单公示', '水资源与环境学院第二十七届研究生学术报告会获奖名单', '2020年冬季毕业研究生答辩材料', '中国地质大学（北京）水资源与环境学院博士生“申请-考核”招生选拔实施细则', '水资源与环境学院关于举办第二十七届研究生学术报告会 及研究生开题、中期考核的通知', '2020年水资源与环境学院研究生学业奖学金评审结果公示', '吉林大学赵勇胜教授学术报告通知']
['水资源与环境学院2021申请-考核博士研究生拟录取名单公示（第一批）', '水资源与环境学院2021招收“申请-考核”攻读博士学位研究生复试通知', '水资源与环境学院2021年博士生申请—考核材料初审通过名单公示', '水资源与环境学院第二十七届研究生学术报告会获奖名单', '2020年冬季毕业研究生答辩材料', '中国地质大学（北京）水资源与环境学院博士生“申请-考核”招生选拔实施细则', '水资源与环境学院关于举办第二十七届研究生学术报告会 及研究生开题、中期考核的通知', '2020年水资源与环境学院研究生学业奖学金评审结果公示', '吉林大学赵勇胜教授学术报告通知']
['水资源与环境学院2021申请-考核博士研究生拟录取名单公示（第一批）', '水资源与环境学院2021招收“申请-考核”攻读博士学位研究生复试通知', '水资源与环境学院2021年博士生申请—考核材料初审通过名单公示', '水资源与环境学院第二十七届研究生学术报告会获奖名单', '2020年冬季毕业研究生答辩材料', '中国地质大学（北京）水资源与环境学院博士生“申请-考核”招生选拔实施细则', '水资源与环境学院关于举办第二十七届研究生学术报告会 及研究生开题、中期考核的通知', '2020年水资源与环境学院研究生学业奖学金评审结果公示', '吉林大学赵勇胜教授学术报告通知']
['水资源与环境学院2021申请-考核博士研究生拟录取名单公示（第一批）', '水资源与环境学院2021招收“申请-考核”攻读博士学位研究生复试通知', '水资源与环境学院2021年博士生申请—考核材料初审通过名单公示', '水资源与环境学院第二十七届研究生学术报告会获奖名单', '2020年冬季毕业研究生答辩材料', '中国地质大学（北京）水资源与环境学院博士生“申请-考核”招生选拔实施细则', '水资源与环境学院关于举办第二十七届研究生学术报告会 及研究生开题、中期考核的通知', '2020年水资源与环境学院研究生学业奖学金评审结果公示', '吉林大学赵勇胜教授学术报告通知']
['水资源与环境学院2021申请-考核博士研究生拟录取名单公示（第一批）', '水资源与环境学院2021招收“申请-考核”攻读博士学位研究生复试通知', '水资源与环境学院2021年博士生申请—考核材料初审通过名单公示', '水资源与环境学院第二十七届研究生学术报告会获奖名单', '2020年冬季毕业研究生答辩材料', '中国地质大学（北京）水资源与环境学院博士生“申请-考核”招生选拔实施细则', '水资源与环境学院关于举办第二十七届研究生学术报告会 及研究生开题、中期考核的通知', '2020年水资源与环境学院研究生学业奖学金评审结果公示', '吉林大学赵勇胜教授学术报告通知']
['水资源与环境学院2021申请-考核博士研究生拟录取名单公示（第一批）', '水资源与环境学院2021招收“申请-考核”攻读博士学位研究生复试通知', '水资源与环境学院2021年博士生申请—考核材料初审通过名单公示', '水资源与环境学院第二十七届研究生学术报告会获奖名单', '2020年冬季毕业研究生答辩材料', '中国地质大学（北京）水资源与环境学院博士生“申请-考核”招生选拔实施细则', '水资源与环境学院关于举办第二十七届研究生学术报告会 及研究生开题、中期考核的通知', '2020年水资源与环境学院研究生学业奖学金评审结果公示', '吉林大学赵勇胜教授学术报告通知']
['水资源与环境学院2021申请-考核博士研究生拟录取名单公示（第一批）', '水资源与环境学院2021招收“申请-考核”攻读博士学位研究生复试通知', '水资源与环境学院2021年博士生申请—考核材料初审通过名单公示', '水资源与环境学院第二十七届研究生学术报告会获奖名单', '2020年冬季毕业研究生答辩材料', '中国地质大学（北京）水资源与环境学院博士生“申请-考核”招生选拔实施细则', '水资源与环境学院关于举办第二十七届研究生学术报告会 及研究生开题、中期考核的通知', '2020年水资源与环境学院研究生学业奖学金评审结果公示', '吉林大学赵勇胜教授学术报告通知']
['水资源与环境学院2021申请-考核博士研究生拟录取名单公示（第一批）', '水资源与环境学院2021招收“申请-考核”攻读博士学位研究生复试通知', '水资源与环境学院2021年博士生申请—考核材料初审通过名单公示', '水资源与环境学院第二十七届研究生学术报告会获奖名单', '2020年冬季毕业研究生答辩材料', '中国地质大学（北京）水资源与环境学院博士生“申请-考核”招生选拔实施细则', '水资源与环境学院关于举办第二十七届研究生学术报告会 及研究生开题、中期考核的通知', '2020年水资源与环境学院研究生学业奖学金评审结果公示', '吉林大学赵勇胜教授学术报告通知']
['水资源与环境学院2021申请-考核博士研究生拟录取名单公示（第一批）', '水资源与环境学院2021招收“申请-考核”攻读博士学位研究生复试通知', '水资源与环境学院2021年博士生申请—考核材料初审通过名单公示', '水资源与环境学院第二十七届研究生学术报告会获奖名单', '2020年冬季毕业研究生答辩材料', '中国地质大学（北京）水资源与环境学院博士生“申请-考核”招生选拔实施细则', '水资源与环境学院关于举办第二十七届研究生学术报告会 及研究生开题、中期考核的通知', '2020年水资源与环境学院研究生学业奖学金评审结果公示', '吉林大学赵勇胜教授学术报告通知']
['水资源与环境学院2021申请-考核博士研究生拟录取名单公示（第一批）', '水资源与环境学院2021招收“申请-考核”攻读博士学位研究生复试通知', '水资源与环境学院2021年博士生申请—考核材料初审通过名单公示', '水资源与环境学院第二十七届研究生学术报告会获奖名单', '2020年冬季毕业研究生答辩材料', '中国地质大学（北京）水资源与环境学院博士生“申请-考核”招生选拔实施细则', '水资源与环境学院关于举办第二十七届研究生学术报告会 及研究生开题、中期考核的通知', '2020年水资源与环境学院研究生学业奖学金评审结果公示', '吉林大学赵勇胜教授学术报告通知']
['水资源与环境学院2021申请-考核博士研究生拟录取名单公示（第一批）', '水资源与环境学院2021招收“申请-考核”攻读博士学位研究生复试通知', '水资源与环境学院2021年博士生申请—考核材料初审通过名单公示', '水资源与环境学院第二十七届研究生学术报告会获奖名单', '2020年冬季毕业研究生答辩材料', '中国地质大学（北京）水资源与环境学院博士生“申请-考核”招生选拔实施细则', '水资源与环境学院关于举办第二十七届研究生学术报告会 及研究生开题、中期考核的通知', '2020年水资源与环境学院研究生学业奖学金评审结果公示', '吉林大学赵勇胜教授学术报告通知']
['水资源与环境学院2021申请-考核博士研究生拟录取名单公示（第一批）', '水资源与环境学院2021招收“申请-考核”攻读博士学位研究生复试通知', '水资源与环境学院2021年博士生申请—考核材料初审通过名单公示', '水资源与环境学院第二十七届研究生学术报告会获奖名单', '2020年冬季毕业研究生答辩材料', '中国地质大学（北京）水资源与环境学院博士生“申请-考核”招生选拔实施细则', '水资源与环境学院关于举办第二十七届研究生学术报告会 及研究生开题、中期考核的通知', '2020年水资源与环境学院研究生学业奖学金评审结果公示', '吉林大学赵勇胜教授学术报告通知']
['水资源与环境学院2021申请-考核博士研究生拟录取名单公示（第一批）', '水资源与环境学院2021招收“申请-考核”攻读博士学位研究生复试通知', '水资源与环境学院2021年博士生申请—考核材料初审通过名单公示', '水资源与环境学院第二十七届研究生学术报告会获奖名单', '2020年冬季毕业研究生答辩材料', '中国地质大学（北京）水资源与环境学院博士生“申请-考核”招生选拔实施细则', '水资源与环境学院关于举办第二十七届研究生学术报告会 及研究生开题、中期考核的通知', '2020年水资源与环境学院研究生学业奖学金评审结果公示', '吉林大学赵勇胜教授学术报告通知']
['水资源与环境学院2021申请-考核博士研究生拟录取名单公示（第一批）', '水资源与环境学院2021招收“申请-考核”攻读博士学位研究生复试通知', '水资源与环境学院2021年博士生申请—考核材料初审通过名单公示', '水资源与环境学院第二十七届研究生学术报告会获奖名单', '2020年冬季毕业研究生答辩材料', '中国地质大学（北京）水资源与环境学院博士生“申请-考核”招生选拔实施细则', '水资源与环境学院关于举办第二十七届研究生学术报告会 及研究生开题、中期考核的通知', '2020年水资源与环境学院研究生学业奖学金评审结果公示', '吉林大学赵勇胜教授学术报告通知']
['水资源与环境学院2021申请-考核博士研究生拟录取名单公示（第一批）', '水资源与环境学院2021招收“申请-考核”攻读博士学位研究生复试通知', '水资源与环境学院2021年博士生申请—考核材料初审通过名单公示', '水资源与环境学院第二十七届研究生学术报告会获奖名单', '2020年冬季毕业研究生答辩材料', '中国地质大学（北京）水资源与环境学院博士生“申请-考核”招生选拔实施细则', '水资源与环境学院关于举办第二十七届研究生学术报告会 及研究生开题、中期考核的通知', '2020年水资源与环境学院研究生学业奖学金评审结果公示', '吉林大学赵勇胜教授学术报告通知']
['水资源与环境学院2021申请-考核博士研究生拟录取名单公示（第一批）', '水资源与环境学院2021招收“申请-考核”攻读博士学位研究生复试通知', '水资源与环境学院2021年博士生申请—考核材料初审通过名单公示', '水资源与环境学院第二十七届研究生学术报告会获奖名单', '2020年冬季毕业研究生答辩材料', '中国地质大学（北京）水资源与环境学院博士生“申请-考核”招生选拔实施细则', '水资源与环境学院关于举办第二十七届研究生学术报告会 及研究生开题、中期考核的通知', '2020年水资源与环境学院研究生学业奖学金评审结果公示', '吉林大学赵勇胜教授学术报告通知']
['水资源与环境学院2021申请-考核博士研究生拟录取名单公示（第一批）', '水资源与环境学院2021招收“申请-考核”攻读博士学位研究生复试通知', '水资源与环境学院2021年博士生申请—考核材料初审通过名单公示', '水资源与环境学院第二十七届研究生学术报告会获奖名单', '2020年冬季毕业研究生答辩材料', '中国地质大学（北京）水资源与环境学院博士生“申请-考核”招生选拔实施细则', '水资源与环境学院关于举办第二十七届研究生学术报告会 及研究生开题、中期考核的通知', '2020年水资源与环境学院研究生学业奖学金评审结果公示', '吉林大学赵勇胜教授学术报告通知']
['水资源与环境学院2021申请-考核博士研究生拟录取名单公示（第一批）', '水资源与环境学院2021招收“申请-考核”攻读博士学位研究生复试通知', '水资源与环境学院2021年博士生申请—考核材料初审通过名单公示', '水资源与环境学院第二十七届研究生学术报告会获奖名单', '2020年冬季毕业研究生答辩材料', '中国地质大学（北京）水资源与环境学院博士生“申请-考核”招生选拔实施细则', '水资源与环境学院关于举办第二十七届研究生学术报告会 及研究生开题、中期考核的通知', '2020年水资源与环境学院研究生学业奖学金评审结果公示', '吉林大学赵勇胜教授学术报告通知']
['水资源与环境学院2021申请-考核博士研究生拟录取名单公示（第一批）', '水资源与环境学院2021招收“申请-考核”攻读博士学位研究生复试通知', '水资源与环境学院2021年博士生申请—考核材料初审通过名单公示', '水资源与环境学院第二十七届研究生学术报告会获奖名单', '2020年冬季毕业研究生答辩材料', '中国地质大学（北京）水资源与环境学院博士生“申请-考核”招生选拔实施细则', '水资源与环境学院关于举办第二十七届研究生学术报告会 及研究生开题、中期考核的通知', '2020年水资源与环境学院研究生学业奖学金评审结果公示', '吉林大学赵勇胜教授学术报告通知']
['水资源与环境学院2021申请-考核博士研究生拟录取名单公示（第一批）', '水资源与环境学院2021招收“申请-考核”攻读博士学位研究生复试通知', '水资源与环境学院2021年博士生申请—考核材料初审通过名单公示', '水资源与环境学院第二十七届研究生学术报告会获奖名单', '2020年冬季毕业研究生答辩材料', '中国地质大学（北京）水资源与环境学院博士生“申请-考核”招生选拔实施细则', '水资源与环境学院关于举办第二十七届研究生学术报告会 及研究生开题、中期考核的通知', '2020年水资源与环境学院研究生学业奖学金评审结果公示', '吉林大学赵勇胜教授学术报告通知']
['水资源与环境学院2021申请-考核博士研究生拟录取名单公示（第一批）', '水资源与环境学院2021招收“申请-考核”攻读博士学位研究生复试通知', '水资源与环境学院2021年博士生申请—考核材料初审通过名单公示', '水资源与环境学院第二十七届研究生学术报告会获奖名单', '2020年冬季毕业研究生答辩材料', '中国地质大学（北京）水资源与环境学院博士生“申请-考核”招生选拔实施细则', '水资源与环境学院关于举办第二十七届研究生学术报告会 及研究生开题、中期考核的通知', '2020年水资源与环境学院研究生学业奖学金评审结果公示', '吉林大学赵勇胜教授学术报告通知']
['水资源与环境学院2021申请-考核博士研究生拟录取名单公示（第一批）', '水资源与环境学院2021招收“申请-考核”攻读博士学位研究生复试通知', '水资源与环境学院2021年博士生申请—考核材料初审通过名单公示', '水资源与环境学院第二十七届研究生学术报告会获奖名单', '2020年冬季毕业研究生答辩材料', '中国地质大学（北京）水资源与环境学院博士生“申请-考核”招生选拔实施细则', '水资源与环境学院关于举办第二十七届研究生学术报告会 及研究生开题、中期考核的通知', '2020年水资源与环境学院研究生学业奖学金评审结果公示', '吉林大学赵勇胜教授学术报告通知']
['水资源与环境学院2021申请-考核博士研究生拟录取名单公示（第一批）', '水资源与环境学院2021招收“申请-考核”攻读博士学位研究生复试通知', '水资源与环境学院2021年博士生申请—考核材料初审通过名单公示', '水资源与环境学院第二十七届研究生学术报告会获奖名单', '2020年冬季毕业研究生答辩材料', '中国地质大学（北京）水资源与环境学院博士生“申请-考核”招生选拔实施细则', '水资源与环境学院关于举办第二十七届研究生学术报告会 及研究生开题、中期考核的通知', '2020年水资源与环境学院研究生学业奖学金评审结果公示', '吉林大学赵勇胜教授学术报告通知']
['水资源与环境学院2021申请-考核博士研究生拟录取名单公示（第一批）', '水资源与环境学院2021招收“申请-考核”攻读博士学位研究生复试通知', '水资源与环境学院2021年博士生申请—考核材料初审通过名单公示', '水资源与环境学院第二十七届研究生学术报告会获奖名单', '2020年冬季毕业研究生答辩材料', '中国地质大学（北京）水资源与环境学院博士生“申请-考核”招生选拔实施细则', '水资源与环境学院关于举办第二十七届研究生学术报告会 及研究生开题、中期考核的通知', '2020年水资源与环境学院研究生学业奖学金评审结果公示', '吉林大学赵勇胜教授学术报告通知']
['水资源与环境学院2021申请-考核博士研究生拟录取名单公示（第一批）', '水资源与环境学院2021招收“申请-考核”攻读博士学位研究生复试通知', '水资源与环境学院2021年博士生申请—考核材料初审通过名单公示', '水资源与环境学院第二十七届研究生学术报告会获奖名单', '2020年冬季毕业研究生答辩材料', '中国地质大学（北京）水资源与环境学院博士生“申请-考核”招生选拔实施细则', '水资源与环境学院关于举办第二十七届研究生学术报告会 及研究生开题、中期考核的通知', '2020年水资源与环境学院研究生学业奖学金评审结果公示', '吉林大学赵勇胜教授学术报告通知']
['水资源与环境学院2021申请-考核博士研究生拟录取名单公示（第一批）', '水资源与环境学院2021招收“申请-考核”攻读博士学位研究生复试通知', '水资源与环境学院2021年博士生申请—考核材料初审通过名单公示', '水资源与环境学院第二十七届研究生学术报告会获奖名单', '2020年冬季毕业研究生答辩材料', '中国地质大学（北京）水资源与环境学院博士生“申请-考核”招生选拔实施细则', '水资源与环境学院关于举办第二十七届研究生学术报告会 及研究生开题、中期考核的通知', '2020年水资源与环境学院研究生学业奖学金评审结果公示', '吉林大学赵勇胜教授学术报告通知']
['水资源与环境学院2021申请-考核博士研究生拟录取名单公示（第一批）', '水资源与环境学院2021招收“申请-考核”攻读博士学位研究生复试通知', '水资源与环境学院2021年博士生申请—考核材料初审通过名单公示', '水资源与环境学院第二十七届研究生学术报告会获奖名单', '2020年冬季毕业研究生答辩材料', '中国地质大学（北京）水资源与环境学院博士生“申请-考核”招生选拔实施细则', '水资源与环境学院关于举办第二十七届研究生学术报告会 及研究生开题、中期考核的通知', '2020年水资源与环境学院研究生学业奖学金评审结果公示', '吉林大学赵勇胜教授学术报告通知']
['水资源与环境学院2021申请-考核博士研究生拟录取名单公示（第一批）', '水资源与环境学院2021招收“申请-考核”攻读博士学位研究生复试通知', '水资源与环境学院2021年博士生申请—考核材料初审通过名单公示', '水资源与环境学院第二十七届研究生学术报告会获奖名单', '2020年冬季毕业研究生答辩材料', '中国地质大学（北京）水资源与环境学院博士生“申请-考核”招生选拔实施细则', '水资源与环境学院关于举办第二十七届研究生学术报告会 及研究生开题、中期考核的通知', '2020年水资源与环境学院研究生学业奖学金评审结果公示', '吉林大学赵勇胜教授学术报告通知']
['水资源与环境学院2021申请-考核博士研究生拟录取名单公示（第一批）', '水资源与环境学院2021招收“申请-考核”攻读博士学位研究生复试通知', '水资源与环境学院2021年博士生申请—考核材料初审通过名单公示', '水资源与环境学院第二十七届研究生学术报告会获奖名单', '2020年冬季毕业研究生答辩材料', '中国地质大学（北京）水资源与环境学院博士生“申请-考核”招生选拔实施细则', '水资源与环境学院关于举办第二十七届研究生学术报告会 及研究生开题、中期考核的通知', '2020年水资源与环境学院研究生学业奖学金评审结果公示', '吉林大学赵勇胜教授学术报告通知']
['水资源与环境学院2021申请-考核博士研究生拟录取名单公示（第一批）', '水资源与环境学院2021招收“申请-考核”攻读博士学位研究生复试通知', '水资源与环境学院2021年博士生申请—考核材料初审通过名单公示', '水资源与环境学院第二十七届研究生学术报告会获奖名单', '2020年冬季毕业研究生答辩材料', '中国地质大学（北京）水资源与环境学院博士生“申请-考核”招生选拔实施细则', '水资源与环境学院关于举办第二十七届研究生学术报告会 及研究生开题、中期考核的通知', '2020年水资源与环境学院研究生学业奖学金评审结果公示', '吉林大学赵勇胜教授学术报告通知']
['水资源与环境学院2021申请-考核博士研究生拟录取名单公示（第一批）', '水资源与环境学院2021招收“申请-考核”攻读博士学位研究生复试通知', '水资源与环境学院2021年博士生申请—考核材料初审通过名单公示', '水资源与环境学院第二十七届研究生学术报告会获奖名单', '2020年冬季毕业研究生答辩材料', '中国地质大学（北京）水资源与环境学院博士生“申请-考核”招生选拔实施细则', '水资源与环境学院关于举办第二十七届研究生学术报告会 及研究生开题、中期考核的通知', '2020年水资源与环境学院研究生学业奖学金评审结果公示', '吉林大学赵勇胜教授学术报告通知']
['水资源与环境学院2021申请-考核博士研究生拟录取名单公示（第一批）', '水资源与环境学院2021招收“申请-考核”攻读博士学位研究生复试通知', '水资源与环境学院2021年博士生申请—考核材料初审通过名单公示', '水资源与环境学院第二十七届研究生学术报告会获奖名单', '2020年冬季毕业研究生答辩材料', '中国地质大学（北京）水资源与环境学院博士生“申请-考核”招生选拔实施细则', '水资源与环境学院关于举办第二十七届研究生学术报告会 及研究生开题、中期考核的通知', '2020年水资源与环境学院研究生学业奖学金评审结果公示', '吉林大学赵勇胜教授学术报告通知']
['水资源与环境学院2021申请-考核博士研究生拟录取名单公示（第一批）', '水资源与环境学院2021招收“申请-考核”攻读博士学位研究生复试通知', '水资源与环境学院2021年博士生申请—考核材料初审通过名单公示', '水资源与环境学院第二十七届研究生学术报告会获奖名单', '2020年冬季毕业研究生答辩材料', '中国地质大学（北京）水资源与环境学院博士生“申请-考核”招生选拔实施细则', '水资源与环境学院关于举办第二十七届研究生学术报告会 及研究生开题、中期考核的通知', '2020年水资源与环境学院研究生学业奖学金评审结果公示', '吉林大学赵勇胜教授学术报告通知']
['水资源与环境学院2021申请-考核博士研究生拟录取名单公示（第一批）', '水资源与环境学院2021招收“申请-考核”攻读博士学位研究生复试通知', '水资源与环境学院2021年博士生申请—考核材料初审通过名单公示', '水资源与环境学院第二十七届研究生学术报告会获奖名单', '2020年冬季毕业研究生答辩材料', '中国地质大学（北京）水资源与环境学院博士生“申请-考核”招生选拔实施细则', '水资源与环境学院关于举办第二十七届研究生学术报告会 及研究生开题、中期考核的通知', '2020年水资源与环境学院研究生学业奖学金评审结果公示', '吉林大学赵勇胜教授学术报告通知']
['水资源与环境学院2021申请-考核博士研究生拟录取名单公示（第一批）', '水资源与环境学院2021招收“申请-考核”攻读博士学位研究生复试通知', '水资源与环境学院2021年博士生申请—考核材料初审通过名单公示', '水资源与环境学院第二十七届研究生学术报告会获奖名单', '2020年冬季毕业研究生答辩材料', '中国地质大学（北京）水资源与环境学院博士生“申请-考核”招生选拔实施细则', '水资源与环境学院关于举办第二十七届研究生学术报告会 及研究生开题、中期考核的通知', '2020年水资源与环境学院研究生学业奖学金评审结果公示', '吉林大学赵勇胜教授学术报告通知']
['水资源与环境学院2021申请-考核博士研究生拟录取名单公示（第一批）', '水资源与环境学院2021招收“申请-考核”攻读博士学位研究生复试通知', '水资源与环境学院2021年博士生申请—考核材料初审通过名单公示', '水资源与环境学院第二十七届研究生学术报告会获奖名单', '2020年冬季毕业研究生答辩材料', '中国地质大学（北京）水资源与环境学院博士生“申请-考核”招生选拔实施细则', '水资源与环境学院关于举办第二十七届研究生学术报告会 及研究生开题、中期考核的通知', '2020年水资源与环境学院研究生学业奖学金评审结果公示', '吉林大学赵勇胜教授学术报告通知']
['水资源与环境学院2021申请-考核博士研究生拟录取名单公示（第一批）', '水资源与环境学院2021招收“申请-考核”攻读博士学位研究生复试通知', '水资源与环境学院2021年博士生申请—考核材料初审通过名单公示', '水资源与环境学院第二十七届研究生学术报告会获奖名单', '2020年冬季毕业研究生答辩材料', '中国地质大学（北京）水资源与环境学院博士生“申请-考核”招生选拔实施细则', '水资源与环境学院关于举办第二十七届研究生学术报告会 及研究生开题、中期考核的通知', '2020年水资源与环境学院研究生学业奖学金评审结果公示', '吉林大学赵勇胜教授学术报告通知']
['水资源与环境学院2021申请-考核博士研究生拟录取名单公示（第一批）', '水资源与环境学院2021招收“申请-考核”攻读博士学位研究生复试通知', '水资源与环境学院2021年博士生申请—考核材料初审通过名单公示', '水资源与环境学院第二十七届研究生学术报告会获奖名单', '2020年冬季毕业研究生答辩材料', '中国地质大学（北京）水资源与环境学院博士生“申请-考核”招生选拔实施细则', '水资源与环境学院关于举办第二十七届研究生学术报告会 及研究生开题、中期考核的通知', '2020年水资源与环境学院研究生学业奖学金评审结果公示', '吉林大学赵勇胜教授学术报告通知']
['水资源与环境学院2021申请-考核博士研究生拟录取名单公示（第一批）', '水资源与环境学院2021招收“申请-考核”攻读博士学位研究生复试通知', '水资源与环境学院2021年博士生申请—考核材料初审通过名单公示', '水资源与环境学院第二十七届研究生学术报告会获奖名单', '2020年冬季毕业研究生答辩材料', '中国地质大学（北京）水资源与环境学院博士生“申请-考核”招生选拔实施细则', '水资源与环境学院关于举办第二十七届研究生学术报告会 及研究生开题、中期考核的通知', '2020年水资源与环境学院研究生学业奖学金评审结果公示', '吉林大学赵勇胜教授学术报告通知']
['水资源与环境学院2021申请-考核博士研究生拟录取名单公示（第一批）', '水资源与环境学院2021招收“申请-考核”攻读博士学位研究生复试通知', '水资源与环境学院2021年博士生申请—考核材料初审通过名单公示', '水资源与环境学院第二十七届研究生学术报告会获奖名单', '2020年冬季毕业研究生答辩材料', '中国地质大学（北京）水资源与环境学院博士生“申请-考核”招生选拔实施细则', '水资源与环境学院关于举办第二十七届研究生学术报告会 及研究生开题、中期考核的通知', '2020年水资源与环境学院研究生学业奖学金评审结果公示', '吉林大学赵勇胜教授学术报告通知']
['水资源与环境学院2021申请-考核博士研究生拟录取名单公示（第一批）', '水资源与环境学院2021招收“申请-考核”攻读博士学位研究生复试通知', '水资源与环境学院2021年博士生申请—考核材料初审通过名单公示', '水资源与环境学院第二十七届研究生学术报告会获奖名单', '2020年冬季毕业研究生答辩材料', '中国地质大学（北京）水资源与环境学院博士生“申请-考核”招生选拔实施细则', '水资源与环境学院关于举办第二十七届研究生学术报告会 及研究生开题、中期考核的通知', '2020年水资源与环境学院研究生学业奖学金评审结果公示', '吉林大学赵勇胜教授学术报告通知']
['水资源与环境学院2021申请-考核博士研究生拟录取名单公示（第一批）', '水资源与环境学院2021招收“申请-考核”攻读博士学位研究生复试通知', '水资源与环境学院2021年博士生申请—考核材料初审通过名单公示', '水资源与环境学院第二十七届研究生学术报告会获奖名单', '2020年冬季毕业研究生答辩材料', '中国地质大学（北京）水资源与环境学院博士生“申请-考核”招生选拔实施细则', '水资源与环境学院关于举办第二十七届研究生学术报告会 及研究生开题、中期考核的通知', '2020年水资源与环境学院研究生学业奖学金评审结果公示', '吉林大学赵勇胜教授学术报告通知']
['水资源与环境学院2021申请-考核博士研究生拟录取名单公示（第一批）', '水资源与环境学院2021招收“申请-考核”攻读博士学位研究生复试通知', '水资源与环境学院2021年博士生申请—考核材料初审通过名单公示', '水资源与环境学院第二十七届研究生学术报告会获奖名单', '2020年冬季毕业研究生答辩材料', '中国地质大学（北京）水资源与环境学院博士生“申请-考核”招生选拔实施细则', '水资源与环境学院关于举办第二十七届研究生学术报告会 及研究生开题、中期考核的通知', '2020年水资源与环境学院研究生学业奖学金评审结果公示', '吉林大学赵勇胜教授学术报告通知']
['水资源与环境学院2021申请-考核博士研究生拟录取名单公示（第一批）', '水资源与环境学院2021招收“申请-考核”攻读博士学位研究生复试通知', '水资源与环境学院2021年博士生申请—考核材料初审通过名单公示', '水资源与环境学院第二十七届研究生学术报告会获奖名单', '2020年冬季毕业研究生答辩材料', '中国地质大学（北京）水资源与环境学院博士生“申请-考核”招生选拔实施细则', '水资源与环境学院关于举办第二十七届研究生学术报告会 及研究生开题、中期考核的通知', '2020年水资源与环境学院研究生学业奖学金评审结果公示', '吉林大学赵勇胜教授学术报告通知']
['水资源与环境学院2021申请-考核博士研究生拟录取名单公示（第一批）', '水资源与环境学院2021招收“申请-考核”攻读博士学位研究生复试通知', '水资源与环境学院2021年博士生申请—考核材料初审通过名单公示', '水资源与环境学院第二十七届研究生学术报告会获奖名单', '2020年冬季毕业研究生答辩材料', '中国地质大学（北京）水资源与环境学院博士生“申请-考核”招生选拔实施细则', '水资源与环境学院关于举办第二十七届研究生学术报告会 及研究生开题、中期考核的通知', '2020年水资源与环境学院研究生学业奖学金评审结果公示', '吉林大学赵勇胜教授学术报告通知']
['水资源与环境学院2021申请-考核博士研究生拟录取名单公示（第一批）', '水资源与环境学院2021招收“申请-考核”攻读博士学位研究生复试通知', '水资源与环境学院2021年博士生申请—考核材料初审通过名单公示', '水资源与环境学院第二十七届研究生学术报告会获奖名单', '2020年冬季毕业研究生答辩材料', '中国地质大学（北京）水资源与环境学院博士生“申请-考核”招生选拔实施细则', '水资源与环境学院关于举办第二十七届研究生学术报告会 及研究生开题、中期考核的通知', '2020年水资源与环境学院研究生学业奖学金评审结果公示', '吉林大学赵勇胜教授学术报告通知']
['水资源与环境学院2021申请-考核博士研究生拟录取名单公示（第一批）', '水资源与环境学院2021招收“申请-考核”攻读博士学位研究生复试通知', '水资源与环境学院2021年博士生申请—考核材料初审通过名单公示', '水资源与环境学院第二十七届研究生学术报告会获奖名单', '2020年冬季毕业研究生答辩材料', '中国地质大学（北京）水资源与环境学院博士生“申请-考核”招生选拔实施细则', '水资源与环境学院关于举办第二十七届研究生学术报告会 及研究生开题、中期考核的通知', '2020年水资源与环境学院研究生学业奖学金评审结果公示', '吉林大学赵勇胜教授学术报告通知']
['水资源与环境学院2021申请-考核博士研究生拟录取名单公示（第一批）', '水资源与环境学院2021招收“申请-考核”攻读博士学位研究生复试通知', '水资源与环境学院2021年博士生申请—考核材料初审通过名单公示', '水资源与环境学院第二十七届研究生学术报告会获奖名单', '2020年冬季毕业研究生答辩材料', '中国地质大学（北京）水资源与环境学院博士生“申请-考核”招生选拔实施细则', '水资源与环境学院关于举办第二十七届研究生学术报告会 及研究生开题、中期考核的通知', '2020年水资源与环境学院研究生学业奖学金评审结果公示', '吉林大学赵勇胜教授学术报告通知']
['水资源与环境学院2021申请-考核博士研究生拟录取名单公示（第一批）', '水资源与环境学院2021招收“申请-考核”攻读博士学位研究生复试通知', '水资源与环境学院2021年博士生申请—考核材料初审通过名单公示', '水资源与环境学院第二十七届研究生学术报告会获奖名单', '2020年冬季毕业研究生答辩材料', '中国地质大学（北京）水资源与环境学院博士生“申请-考核”招生选拔实施细则', '水资源与环境学院关于举办第二十七届研究生学术报告会 及研究生开题、中期考核的通知', '2020年水资源与环境学院研究生学业奖学金评审结果公示', '吉林大学赵勇胜教授学术报告通知']
['水资源与环境学院2021申请-考核博士研究生拟录取名单公示（第一批）', '水资源与环境学院2021招收“申请-考核”攻读博士学位研究生复试通知', '水资源与环境学院2021年博士生申请—考核材料初审通过名单公示', '水资源与环境学院第二十七届研究生学术报告会获奖名单', '2020年冬季毕业研究生答辩材料', '中国地质大学（北京）水资源与环境学院博士生“申请-考核”招生选拔实施细则', '水资源与环境学院关于举办第二十七届研究生学术报告会 及研究生开题、中期考核的通知', '2020年水资源与环境学院研究生学业奖学金评审结果公示', '吉林大学赵勇胜教授学术报告通知']
['水资源与环境学院2021申请-考核博士研究生拟录取名单公示（第一批）', '水资源与环境学院2021招收“申请-考核”攻读博士学位研究生复试通知', '水资源与环境学院2021年博士生申请—考核材料初审通过名单公示', '水资源与环境学院第二十七届研究生学术报告会获奖名单', '2020年冬季毕业研究生答辩材料', '中国地质大学（北京）水资源与环境学院博士生“申请-考核”招生选拔实施细则', '水资源与环境学院关于举办第二十七届研究生学术报告会 及研究生开题、中期考核的通知', '2020年水资源与环境学院研究生学业奖学金评审结果公示', '吉林大学赵勇胜教授学术报告通知']
['水资源与环境学院2021申请-考核博士研究生拟录取名单公示（第一批）', '水资源与环境学院2021招收“申请-考核”攻读博士学位研究生复试通知', '水资源与环境学院2021年博士生申请—考核材料初审通过名单公示', '水资源与环境学院第二十七届研究生学术报告会获奖名单', '2020年冬季毕业研究生答辩材料', '中国地质大学（北京）水资源与环境学院博士生“申请-考核”招生选拔实施细则', '水资源与环境学院关于举办第二十七届研究生学术报告会 及研究生开题、中期考核的通知', '2020年水资源与环境学院研究生学业奖学金评审结果公示', '吉林大学赵勇胜教授学术报告通知']
['水资源与环境学院2021申请-考核博士研究生拟录取名单公示（第一批）', '水资源与环境学院2021招收“申请-考核”攻读博士学位研究生复试通知', '水资源与环境学院2021年博士生申请—考核材料初审通过名单公示', '水资源与环境学院第二十七届研究生学术报告会获奖名单', '2020年冬季毕业研究生答辩材料', '中国地质大学（北京）水资源与环境学院博士生“申请-考核”招生选拔实施细则', '水资源与环境学院关于举办第二十七届研究生学术报告会 及研究生开题、中期考核的通知', '2020年水资源与环境学院研究生学业奖学金评审结果公示', '吉林大学赵勇胜教授学术报告通知']
['水资源与环境学院2021申请-考核博士研究生拟录取名单公示（第一批）', '水资源与环境学院2021招收“申请-考核”攻读博士学位研究生复试通知', '水资源与环境学院2021年博士生申请—考核材料初审通过名单公示', '水资源与环境学院第二十七届研究生学术报告会获奖名单', '2020年冬季毕业研究生答辩材料', '中国地质大学（北京）水资源与环境学院博士生“申请-考核”招生选拔实施细则', '水资源与环境学院关于举办第二十七届研究生学术报告会 及研究生开题、中期考核的通知', '2020年水资源与环境学院研究生学业奖学金评审结果公示', '吉林大学赵勇胜教授学术报告通知']
['水资源与环境学院2021申请-考核博士研究生拟录取名单公示（第一批）', '水资源与环境学院2021招收“申请-考核”攻读博士学位研究生复试通知', '水资源与环境学院2021年博士生申请—考核材料初审通过名单公示', '水资源与环境学院第二十七届研究生学术报告会获奖名单', '2020年冬季毕业研究生答辩材料', '中国地质大学（北京）水资源与环境学院博士生“申请-考核”招生选拔实施细则', '水资源与环境学院关于举办第二十七届研究生学术报告会 及研究生开题、中期考核的通知', '2020年水资源与环境学院研究生学业奖学金评审结果公示', '吉林大学赵勇胜教授学术报告通知']
['水资源与环境学院2021申请-考核博士研究生拟录取名单公示（第一批）', '水资源与环境学院2021招收“申请-考核”攻读博士学位研究生复试通知', '水资源与环境学院2021年博士生申请—考核材料初审通过名单公示', '水资源与环境学院第二十七届研究生学术报告会获奖名单', '2020年冬季毕业研究生答辩材料', '中国地质大学（北京）水资源与环境学院博士生“申请-考核”招生选拔实施细则', '水资源与环境学院关于举办第二十七届研究生学术报告会 及研究生开题、中期考核的通知', '2020年水资源与环境学院研究生学业奖学金评审结果公示', '吉林大学赵勇胜教授学术报告通知']
['水资源与环境学院2021申请-考核博士研究生拟录取名单公示（第一批）', '水资源与环境学院2021招收“申请-考核”攻读博士学位研究生复试通知', '水资源与环境学院2021年博士生申请—考核材料初审通过名单公示', '水资源与环境学院第二十七届研究生学术报告会获奖名单', '2020年冬季毕业研究生答辩材料', '中国地质大学（北京）水资源与环境学院博士生“申请-考核”招生选拔实施细则', '水资源与环境学院关于举办第二十七届研究生学术报告会 及研究生开题、中期考核的通知', '2020年水资源与环境学院研究生学业奖学金评审结果公示', '吉林大学赵勇胜教授学术报告通知']
['水资源与环境学院2021申请-考核博士研究生拟录取名单公示（第一批）', '水资源与环境学院2021招收“申请-考核”攻读博士学位研究生复试通知', '水资源与环境学院2021年博士生申请—考核材料初审通过名单公示', '水资源与环境学院第二十七届研究生学术报告会获奖名单', '2020年冬季毕业研究生答辩材料', '中国地质大学（北京）水资源与环境学院博士生“申请-考核”招生选拔实施细则', '水资源与环境学院关于举办第二十七届研究生学术报告会 及研究生开题、中期考核的通知', '2020年水资源与环境学院研究生学业奖学金评审结果公示', '吉林大学赵勇胜教授学术报告通知']
['水资源与环境学院2021申请-考核博士研究生拟录取名单公示（第一批）', '水资源与环境学院2021招收“申请-考核”攻读博士学位研究生复试通知', '水资源与环境学院2021年博士生申请—考核材料初审通过名单公示', '水资源与环境学院第二十七届研究生学术报告会获奖名单', '2020年冬季毕业研究生答辩材料', '中国地质大学（北京）水资源与环境学院博士生“申请-考核”招生选拔实施细则', '水资源与环境学院关于举办第二十七届研究生学术报告会 及研究生开题、中期考核的通知', '2020年水资源与环境学院研究生学业奖学金评审结果公示', '吉林大学赵勇胜教授学术报告通知']
['水资源与环境学院2021申请-考核博士研究生拟录取名单公示（第一批）', '水资源与环境学院2021招收“申请-考核”攻读博士学位研究生复试通知', '水资源与环境学院2021年博士生申请—考核材料初审通过名单公示', '水资源与环境学院第二十七届研究生学术报告会获奖名单', '2020年冬季毕业研究生答辩材料', '中国地质大学（北京）水资源与环境学院博士生“申请-考核”招生选拔实施细则', '水资源与环境学院关于举办第二十七届研究生学术报告会 及研究生开题、中期考核的通知', '2020年水资源与环境学院研究生学业奖学金评审结果公示', '吉林大学赵勇胜教授学术报告通知']
['水资源与环境学院2021申请-考核博士研究生拟录取名单公示（第一批）', '水资源与环境学院2021招收“申请-考核”攻读博士学位研究生复试通知', '水资源与环境学院2021年博士生申请—考核材料初审通过名单公示', '水资源与环境学院第二十七届研究生学术报告会获奖名单', '2020年冬季毕业研究生答辩材料', '中国地质大学（北京）水资源与环境学院博士生“申请-考核”招生选拔实施细则', '水资源与环境学院关于举办第二十七届研究生学术报告会 及研究生开题、中期考核的通知', '2020年水资源与环境学院研究生学业奖学金评审结果公示', '吉林大学赵勇胜教授学术报告通知']
['水资源与环境学院2021申请-考核博士研究生拟录取名单公示（第一批）', '水资源与环境学院2021招收“申请-考核”攻读博士学位研究生复试通知', '水资源与环境学院2021年博士生申请—考核材料初审通过名单公示', '水资源与环境学院第二十七届研究生学术报告会获奖名单', '2020年冬季毕业研究生答辩材料', '中国地质大学（北京）水资源与环境学院博士生“申请-考核”招生选拔实施细则', '水资源与环境学院关于举办第二十七届研究生学术报告会 及研究生开题、中期考核的通知', '2020年水资源与环境学院研究生学业奖学金评审结果公示', '吉林大学赵勇胜教授学术报告通知']
['水资源与环境学院2021申请-考核博士研究生拟录取名单公示（第一批）', '水资源与环境学院2021招收“申请-考核”攻读博士学位研究生复试通知', '水资源与环境学院2021年博士生申请—考核材料初审通过名单公示', '水资源与环境学院第二十七届研究生学术报告会获奖名单', '2020年冬季毕业研究生答辩材料', '中国地质大学（北京）水资源与环境学院博士生“申请-考核”招生选拔实施细则', '水资源与环境学院关于举办第二十七届研究生学术报告会 及研究生开题、中期考核的通知', '2020年水资源与环境学院研究生学业奖学金评审结果公示', '吉林大学赵勇胜教授学术报告通知']
['水资源与环境学院2021申请-考核博士研究生拟录取名单公示（第一批）', '水资源与环境学院2021招收“申请-考核”攻读博士学位研究生复试通知', '水资源与环境学院2021年博士生申请—考核材料初审通过名单公示', '水资源与环境学院第二十七届研究生学术报告会获奖名单', '2020年冬季毕业研究生答辩材料', '中国地质大学（北京）水资源与环境学院博士生“申请-考核”招生选拔实施细则', '水资源与环境学院关于举办第二十七届研究生学术报告会 及研究生开题、中期考核的通知', '2020年水资源与环境学院研究生学业奖学金评审结果公示', '吉林大学赵勇胜教授学术报告通知']
['水资源与环境学院2021申请-考核博士研究生拟录取名单公示（第一批）', '水资源与环境学院2021招收“申请-考核”攻读博士学位研究生复试通知', '水资源与环境学院2021年博士生申请—考核材料初审通过名单公示', '水资源与环境学院第二十七届研究生学术报告会获奖名单', '2020年冬季毕业研究生答辩材料', '中国地质大学（北京）水资源与环境学院博士生“申请-考核”招生选拔实施细则', '水资源与环境学院关于举办第二十七届研究生学术报告会 及研究生开题、中期考核的通知', '2020年水资源与环境学院研究生学业奖学金评审结果公示', '吉林大学赵勇胜教授学术报告通知']
['水资源与环境学院2021申请-考核博士研究生拟录取名单公示（第一批）', '水资源与环境学院2021招收“申请-考核”攻读博士学位研究生复试通知', '水资源与环境学院2021年博士生申请—考核材料初审通过名单公示', '水资源与环境学院第二十七届研究生学术报告会获奖名单', '2020年冬季毕业研究生答辩材料', '中国地质大学（北京）水资源与环境学院博士生“申请-考核”招生选拔实施细则', '水资源与环境学院关于举办第二十七届研究生学术报告会 及研究生开题、中期考核的通知', '2020年水资源与环境学院研究生学业奖学金评审结果公示', '吉林大学赵勇胜教授学术报告通知']
['水资源与环境学院2021申请-考核博士研究生拟录取名单公示（第一批）', '水资源与环境学院2021招收“申请-考核”攻读博士学位研究生复试通知', '水资源与环境学院2021年博士生申请—考核材料初审通过名单公示', '水资源与环境学院第二十七届研究生学术报告会获奖名单', '2020年冬季毕业研究生答辩材料', '中国地质大学（北京）水资源与环境学院博士生“申请-考核”招生选拔实施细则', '水资源与环境学院关于举办第二十七届研究生学术报告会 及研究生开题、中期考核的通知', '2020年水资源与环境学院研究生学业奖学金评审结果公示', '吉林大学赵勇胜教授学术报告通知']
['水资源与环境学院2021申请-考核博士研究生拟录取名单公示（第一批）', '水资源与环境学院2021招收“申请-考核”攻读博士学位研究生复试通知', '水资源与环境学院2021年博士生申请—考核材料初审通过名单公示', '水资源与环境学院第二十七届研究生学术报告会获奖名单', '2020年冬季毕业研究生答辩材料', '中国地质大学（北京）水资源与环境学院博士生“申请-考核”招生选拔实施细则', '水资源与环境学院关于举办第二十七届研究生学术报告会 及研究生开题、中期考核的通知', '2020年水资源与环境学院研究生学业奖学金评审结果公示', '吉林大学赵勇胜教授学术报告通知']
['水资源与环境学院2021申请-考核博士研究生拟录取名单公示（第一批）', '水资源与环境学院2021招收“申请-考核”攻读博士学位研究生复试通知', '水资源与环境学院2021年博士生申请—考核材料初审通过名单公示', '水资源与环境学院第二十七届研究生学术报告会获奖名单', '2020年冬季毕业研究生答辩材料', '中国地质大学（北京）水资源与环境学院博士生“申请-考核”招生选拔实施细则', '水资源与环境学院关于举办第二十七届研究生学术报告会 及研究生开题、中期考核的通知', '2020年水资源与环境学院研究生学业奖学金评审结果公示', '吉林大学赵勇胜教授学术报告通知']
['水资源与环境学院2021申请-考核博士研究生拟录取名单公示（第一批）', '水资源与环境学院2021招收“申请-考核”攻读博士学位研究生复试通知', '水资源与环境学院2021年博士生申请—考核材料初审通过名单公示', '水资源与环境学院第二十七届研究生学术报告会获奖名单', '2020年冬季毕业研究生答辩材料', '中国地质大学（北京）水资源与环境学院博士生“申请-考核”招生选拔实施细则', '水资源与环境学院关于举办第二十七届研究生学术报告会 及研究生开题、中期考核的通知', '2020年水资源与环境学院研究生学业奖学金评审结果公示', '吉林大学赵勇胜教授学术报告通知']
['水资源与环境学院2021申请-考核博士研究生拟录取名单公示（第一批）', '水资源与环境学院2021招收“申请-考核”攻读博士学位研究生复试通知', '水资源与环境学院2021年博士生申请—考核材料初审通过名单公示', '水资源与环境学院第二十七届研究生学术报告会获奖名单', '2020年冬季毕业研究生答辩材料', '中国地质大学（北京）水资源与环境学院博士生“申请-考核”招生选拔实施细则', '水资源与环境学院关于举办第二十七届研究生学术报告会 及研究生开题、中期考核的通知', '2020年水资源与环境学院研究生学业奖学金评审结果公示', '吉林大学赵勇胜教授学术报告通知']
['水资源与环境学院2021申请-考核博士研究生拟录取名单公示（第一批）', '水资源与环境学院2021招收“申请-考核”攻读博士学位研究生复试通知', '水资源与环境学院2021年博士生申请—考核材料初审通过名单公示', '水资源与环境学院第二十七届研究生学术报告会获奖名单', '2020年冬季毕业研究生答辩材料', '中国地质大学（北京）水资源与环境学院博士生“申请-考核”招生选拔实施细则', '水资源与环境学院关于举办第二十七届研究生学术报告会 及研究生开题、中期考核的通知', '2020年水资源与环境学院研究生学业奖学金评审结果公示', '吉林大学赵勇胜教授学术报告通知']
['水资源与环境学院2021申请-考核博士研究生拟录取名单公示（第一批）', '水资源与环境学院2021招收“申请-考核”攻读博士学位研究生复试通知', '水资源与环境学院2021年博士生申请—考核材料初审通过名单公示', '水资源与环境学院第二十七届研究生学术报告会获奖名单', '2020年冬季毕业研究生答辩材料', '中国地质大学（北京）水资源与环境学院博士生“申请-考核”招生选拔实施细则', '水资源与环境学院关于举办第二十七届研究生学术报告会 及研究生开题、中期考核的通知', '2020年水资源与环境学院研究生学业奖学金评审结果公示', '吉林大学赵勇胜教授学术报告通知']
['水资源与环境学院2021申请-考核博士研究生拟录取名单公示（第一批）', '水资源与环境学院2021招收“申请-考核”攻读博士学位研究生复试通知', '水资源与环境学院2021年博士生申请—考核材料初审通过名单公示', '水资源与环境学院第二十七届研究生学术报告会获奖名单', '2020年冬季毕业研究生答辩材料', '中国地质大学（北京）水资源与环境学院博士生“申请-考核”招生选拔实施细则', '水资源与环境学院关于举办第二十七届研究生学术报告会 及研究生开题、中期考核的通知', '2020年水资源与环境学院研究生学业奖学金评审结果公示', '吉林大学赵勇胜教授学术报告通知']
['水资源与环境学院2021申请-考核博士研究生拟录取名单公示（第一批）', '水资源与环境学院2021招收“申请-考核”攻读博士学位研究生复试通知', '水资源与环境学院2021年博士生申请—考核材料初审通过名单公示', '水资源与环境学院第二十七届研究生学术报告会获奖名单', '2020年冬季毕业研究生答辩材料', '中国地质大学（北京）水资源与环境学院博士生“申请-考核”招生选拔实施细则', '水资源与环境学院关于举办第二十七届研究生学术报告会 及研究生开题、中期考核的通知', '2020年水资源与环境学院研究生学业奖学金评审结果公示', '吉林大学赵勇胜教授学术报告通知']
['水资源与环境学院2021申请-考核博士研究生拟录取名单公示（第一批）', '水资源与环境学院2021招收“申请-考核”攻读博士学位研究生复试通知', '水资源与环境学院2021年博士生申请—考核材料初审通过名单公示', '水资源与环境学院第二十七届研究生学术报告会获奖名单', '2020年冬季毕业研究生答辩材料', '中国地质大学（北京）水资源与环境学院博士生“申请-考核”招生选拔实施细则', '水资源与环境学院关于举办第二十七届研究生学术报告会 及研究生开题、中期考核的通知', '2020年水资源与环境学院研究生学业奖学金评审结果公示', '吉林大学赵勇胜教授学术报告通知']
['水资源与环境学院2021申请-考核博士研究生拟录取名单公示（第一批）', '水资源与环境学院2021招收“申请-考核”攻读博士学位研究生复试通知', '水资源与环境学院2021年博士生申请—考核材料初审通过名单公示', '水资源与环境学院第二十七届研究生学术报告会获奖名单', '2020年冬季毕业研究生答辩材料', '中国地质大学（北京）水资源与环境学院博士生“申请-考核”招生选拔实施细则', '水资源与环境学院关于举办第二十七届研究生学术报告会 及研究生开题、中期考核的通知', '2020年水资源与环境学院研究生学业奖学金评审结果公示', '吉林大学赵勇胜教授学术报告通知']
['水资源与环境学院2021申请-考核博士研究生拟录取名单公示（第一批）', '水资源与环境学院2021招收“申请-考核”攻读博士学位研究生复试通知', '水资源与环境学院2021年博士生申请—考核材料初审通过名单公示', '水资源与环境学院第二十七届研究生学术报告会获奖名单', '2020年冬季毕业研究生答辩材料', '中国地质大学（北京）水资源与环境学院博士生“申请-考核”招生选拔实施细则', '水资源与环境学院关于举办第二十七届研究生学术报告会 及研究生开题、中期考核的通知', '2020年水资源与环境学院研究生学业奖学金评审结果公示', '吉林大学赵勇胜教授学术报告通知']
['水资源与环境学院2021申请-考核博士研究生拟录取名单公示（第一批）', '水资源与环境学院2021招收“申请-考核”攻读博士学位研究生复试通知', '水资源与环境学院2021年博士生申请—考核材料初审通过名单公示', '水资源与环境学院第二十七届研究生学术报告会获奖名单', '2020年冬季毕业研究生答辩材料', '中国地质大学（北京）水资源与环境学院博士生“申请-考核”招生选拔实施细则', '水资源与环境学院关于举办第二十七届研究生学术报告会 及研究生开题、中期考核的通知', '2020年水资源与环境学院研究生学业奖学金评审结果公示', '吉林大学赵勇胜教授学术报告通知']
['水资源与环境学院2021申请-考核博士研究生拟录取名单公示（第一批）', '水资源与环境学院2021招收“申请-考核”攻读博士学位研究生复试通知', '水资源与环境学院2021年博士生申请—考核材料初审通过名单公示', '水资源与环境学院第二十七届研究生学术报告会获奖名单', '2020年冬季毕业研究生答辩材料', '中国地质大学（北京）水资源与环境学院博士生“申请-考核”招生选拔实施细则', '水资源与环境学院关于举办第二十七届研究生学术报告会 及研究生开题、中期考核的通知', '2020年水资源与环境学院研究生学业奖学金评审结果公示', '吉林大学赵勇胜教授学术报告通知']
['水资源与环境学院2021申请-考核博士研究生拟录取名单公示（第一批）', '水资源与环境学院2021招收“申请-考核”攻读博士学位研究生复试通知', '水资源与环境学院2021年博士生申请—考核材料初审通过名单公示', '水资源与环境学院第二十七届研究生学术报告会获奖名单', '2020年冬季毕业研究生答辩材料', '中国地质大学（北京）水资源与环境学院博士生“申请-考核”招生选拔实施细则', '水资源与环境学院关于举办第二十七届研究生学术报告会 及研究生开题、中期考核的通知', '2020年水资源与环境学院研究生学业奖学金评审结果公示', '吉林大学赵勇胜教授学术报告通知']
['水资源与环境学院2021申请-考核博士研究生拟录取名单公示（第一批）', '水资源与环境学院2021招收“申请-考核”攻读博士学位研究生复试通知', '水资源与环境学院2021年博士生申请—考核材料初审通过名单公示', '水资源与环境学院第二十七届研究生学术报告会获奖名单', '2020年冬季毕业研究生答辩材料', '中国地质大学（北京）水资源与环境学院博士生“申请-考核”招生选拔实施细则', '水资源与环境学院关于举办第二十七届研究生学术报告会 及研究生开题、中期考核的通知', '2020年水资源与环境学院研究生学业奖学金评审结果公示', '吉林大学赵勇胜教授学术报告通知']
['水资源与环境学院2021申请-考核博士研究生拟录取名单公示（第一批）', '水资源与环境学院2021招收“申请-考核”攻读博士学位研究生复试通知', '水资源与环境学院2021年博士生申请—考核材料初审通过名单公示', '水资源与环境学院第二十七届研究生学术报告会获奖名单', '2020年冬季毕业研究生答辩材料', '中国地质大学（北京）水资源与环境学院博士生“申请-考核”招生选拔实施细则', '水资源与环境学院关于举办第二十七届研究生学术报告会 及研究生开题、中期考核的通知', '2020年水资源与环境学院研究生学业奖学金评审结果公示', '吉林大学赵勇胜教授学术报告通知']
['水资源与环境学院2021申请-考核博士研究生拟录取名单公示（第一批）', '水资源与环境学院2021招收“申请-考核”攻读博士学位研究生复试通知', '水资源与环境学院2021年博士生申请—考核材料初审通过名单公示', '水资源与环境学院第二十七届研究生学术报告会获奖名单', '2020年冬季毕业研究生答辩材料', '中国地质大学（北京）水资源与环境学院博士生“申请-考核”招生选拔实施细则', '水资源与环境学院关于举办第二十七届研究生学术报告会 及研究生开题、中期考核的通知', '2020年水资源与环境学院研究生学业奖学金评审结果公示', '吉林大学赵勇胜教授学术报告通知']
['水资源与环境学院2021申请-考核博士研究生拟录取名单公示（第一批）', '水资源与环境学院2021招收“申请-考核”攻读博士学位研究生复试通知', '水资源与环境学院2021年博士生申请—考核材料初审通过名单公示', '水资源与环境学院第二十七届研究生学术报告会获奖名单', '2020年冬季毕业研究生答辩材料', '中国地质大学（北京）水资源与环境学院博士生“申请-考核”招生选拔实施细则', '水资源与环境学院关于举办第二十七届研究生学术报告会 及研究生开题、中期考核的通知', '2020年水资源与环境学院研究生学业奖学金评审结果公示', '吉林大学赵勇胜教授学术报告通知']
['水资源与环境学院2021申请-考核博士研究生拟录取名单公示（第一批）', '水资源与环境学院2021招收“申请-考核”攻读博士学位研究生复试通知', '水资源与环境学院2021年博士生申请—考核材料初审通过名单公示', '水资源与环境学院第二十七届研究生学术报告会获奖名单', '2020年冬季毕业研究生答辩材料', '中国地质大学（北京）水资源与环境学院博士生“申请-考核”招生选拔实施细则', '水资源与环境学院关于举办第二十七届研究生学术报告会 及研究生开题、中期考核的通知', '2020年水资源与环境学院研究生学业奖学金评审结果公示', '吉林大学赵勇胜教授学术报告通知']
['水资源与环境学院2021申请-考核博士研究生拟录取名单公示（第一批）', '水资源与环境学院2021招收“申请-考核”攻读博士学位研究生复试通知', '水资源与环境学院2021年博士生申请—考核材料初审通过名单公示', '水资源与环境学院第二十七届研究生学术报告会获奖名单', '2020年冬季毕业研究生答辩材料', '中国地质大学（北京）水资源与环境学院博士生“申请-考核”招生选拔实施细则', '水资源与环境学院关于举办第二十七届研究生学术报告会 及研究生开题、中期考核的通知', '2020年水资源与环境学院研究生学业奖学金评审结果公示', '吉林大学赵勇胜教授学术报告通知']
['水资源与环境学院2021申请-考核博士研究生拟录取名单公示（第一批）', '水资源与环境学院2021招收“申请-考核”攻读博士学位研究生复试通知', '水资源与环境学院2021年博士生申请—考核材料初审通过名单公示', '水资源与环境学院第二十七届研究生学术报告会获奖名单', '2020年冬季毕业研究生答辩材料', '中国地质大学（北京）水资源与环境学院博士生“申请-考核”招生选拔实施细则', '水资源与环境学院关于举办第二十七届研究生学术报告会 及研究生开题、中期考核的通知', '2020年水资源与环境学院研究生学业奖学金评审结果公示', '吉林大学赵勇胜教授学术报告通知']
['水资源与环境学院2021申请-考核博士研究生拟录取名单公示（第一批）', '水资源与环境学院2021招收“申请-考核”攻读博士学位研究生复试通知', '水资源与环境学院2021年博士生申请—考核材料初审通过名单公示', '水资源与环境学院第二十七届研究生学术报告会获奖名单', '2020年冬季毕业研究生答辩材料', '中国地质大学（北京）水资源与环境学院博士生“申请-考核”招生选拔实施细则', '水资源与环境学院关于举办第二十七届研究生学术报告会 及研究生开题、中期考核的通知', '2020年水资源与环境学院研究生学业奖学金评审结果公示', '吉林大学赵勇胜教授学术报告通知']
['水资源与环境学院2021申请-考核博士研究生拟录取名单公示（第一批）', '水资源与环境学院2021招收“申请-考核”攻读博士学位研究生复试通知', '水资源与环境学院2021年博士生申请—考核材料初审通过名单公示', '水资源与环境学院第二十七届研究生学术报告会获奖名单', '2020年冬季毕业研究生答辩材料', '中国地质大学（北京）水资源与环境学院博士生“申请-考核”招生选拔实施细则', '水资源与环境学院关于举办第二十七届研究生学术报告会 及研究生开题、中期考核的通知', '2020年水资源与环境学院研究生学业奖学金评审结果公示', '吉林大学赵勇胜教授学术报告通知']
['水资源与环境学院2021申请-考核博士研究生拟录取名单公示（第一批）', '水资源与环境学院2021招收“申请-考核”攻读博士学位研究生复试通知', '水资源与环境学院2021年博士生申请—考核材料初审通过名单公示', '水资源与环境学院第二十七届研究生学术报告会获奖名单', '2020年冬季毕业研究生答辩材料', '中国地质大学（北京）水资源与环境学院博士生“申请-考核”招生选拔实施细则', '水资源与环境学院关于举办第二十七届研究生学术报告会 及研究生开题、中期考核的通知', '2020年水资源与环境学院研究生学业奖学金评审结果公示', '吉林大学赵勇胜教授学术报告通知']
['水资源与环境学院2021申请-考核博士研究生拟录取名单公示（第一批）', '水资源与环境学院2021招收“申请-考核”攻读博士学位研究生复试通知', '水资源与环境学院2021年博士生申请—考核材料初审通过名单公示', '水资源与环境学院第二十七届研究生学术报告会获奖名单', '2020年冬季毕业研究生答辩材料', '中国地质大学（北京）水资源与环境学院博士生“申请-考核”招生选拔实施细则', '水资源与环境学院关于举办第二十七届研究生学术报告会 及研究生开题、中期考核的通知', '2020年水资源与环境学院研究生学业奖学金评审结果公示', '吉林大学赵勇胜教授学术报告通知']
['水资源与环境学院2021申请-考核博士研究生拟录取名单公示（第一批）', '水资源与环境学院2021招收“申请-考核”攻读博士学位研究生复试通知', '水资源与环境学院2021年博士生申请—考核材料初审通过名单公示', '水资源与环境学院第二十七届研究生学术报告会获奖名单', '2020年冬季毕业研究生答辩材料', '中国地质大学（北京）水资源与环境学院博士生“申请-考核”招生选拔实施细则', '水资源与环境学院关于举办第二十七届研究生学术报告会 及研究生开题、中期考核的通知', '2020年水资源与环境学院研究生学业奖学金评审结果公示', '吉林大学赵勇胜教授学术报告通知']
['水资源与环境学院2021申请-考核博士研究生拟录取名单公示（第一批）', '水资源与环境学院2021招收“申请-考核”攻读博士学位研究生复试通知', '水资源与环境学院2021年博士生申请—考核材料初审通过名单公示', '水资源与环境学院第二十七届研究生学术报告会获奖名单', '2020年冬季毕业研究生答辩材料', '中国地质大学（北京）水资源与环境学院博士生“申请-考核”招生选拔实施细则', '水资源与环境学院关于举办第二十七届研究生学术报告会 及研究生开题、中期考核的通知', '2020年水资源与环境学院研究生学业奖学金评审结果公示', '吉林大学赵勇胜教授学术报告通知']
['水资源与环境学院2021申请-考核博士研究生拟录取名单公示（第一批）', '水资源与环境学院2021招收“申请-考核”攻读博士学位研究生复试通知', '水资源与环境学院2021年博士生申请—考核材料初审通过名单公示', '水资源与环境学院第二十七届研究生学术报告会获奖名单', '2020年冬季毕业研究生答辩材料', '中国地质大学（北京）水资源与环境学院博士生“申请-考核”招生选拔实施细则', '水资源与环境学院关于举办第二十七届研究生学术报告会 及研究生开题、中期考核的通知', '2020年水资源与环境学院研究生学业奖学金评审结果公示', '吉林大学赵勇胜教授学术报告通知']
['水资源与环境学院2021申请-考核博士研究生拟录取名单公示（第一批）', '水资源与环境学院2021招收“申请-考核”攻读博士学位研究生复试通知', '水资源与环境学院2021年博士生申请—考核材料初审通过名单公示', '水资源与环境学院第二十七届研究生学术报告会获奖名单', '2020年冬季毕业研究生答辩材料', '中国地质大学（北京）水资源与环境学院博士生“申请-考核”招生选拔实施细则', '水资源与环境学院关于举办第二十七届研究生学术报告会 及研究生开题、中期考核的通知', '2020年水资源与环境学院研究生学业奖学金评审结果公示', '吉林大学赵勇胜教授学术报告通知']
['水资源与环境学院2021申请-考核博士研究生拟录取名单公示（第一批）', '水资源与环境学院2021招收“申请-考核”攻读博士学位研究生复试通知', '水资源与环境学院2021年博士生申请—考核材料初审通过名单公示', '水资源与环境学院第二十七届研究生学术报告会获奖名单', '2020年冬季毕业研究生答辩材料', '中国地质大学（北京）水资源与环境学院博士生“申请-考核”招生选拔实施细则', '水资源与环境学院关于举办第二十七届研究生学术报告会 及研究生开题、中期考核的通知', '2020年水资源与环境学院研究生学业奖学金评审结果公示', '吉林大学赵勇胜教授学术报告通知']
['水资源与环境学院2021申请-考核博士研究生拟录取名单公示（第一批）', '水资源与环境学院2021招收“申请-考核”攻读博士学位研究生复试通知', '水资源与环境学院2021年博士生申请—考核材料初审通过名单公示', '水资源与环境学院第二十七届研究生学术报告会获奖名单', '2020年冬季毕业研究生答辩材料', '中国地质大学（北京）水资源与环境学院博士生“申请-考核”招生选拔实施细则', '水资源与环境学院关于举办第二十七届研究生学术报告会 及研究生开题、中期考核的通知', '2020年水资源与环境学院研究生学业奖学金评审结果公示', '吉林大学赵勇胜教授学术报告通知']
['水资源与环境学院2021申请-考核博士研究生拟录取名单公示（第一批）', '水资源与环境学院2021招收“申请-考核”攻读博士学位研究生复试通知', '水资源与环境学院2021年博士生申请—考核材料初审通过名单公示', '水资源与环境学院第二十七届研究生学术报告会获奖名单', '2020年冬季毕业研究生答辩材料', '中国地质大学（北京）水资源与环境学院博士生“申请-考核”招生选拔实施细则', '水资源与环境学院关于举办第二十七届研究生学术报告会 及研究生开题、中期考核的通知', '2020年水资源与环境学院研究生学业奖学金评审结果公示', '吉林大学赵勇胜教授学术报告通知']
['水资源与环境学院2021申请-考核博士研究生拟录取名单公示（第一批）', '水资源与环境学院2021招收“申请-考核”攻读博士学位研究生复试通知', '水资源与环境学院2021年博士生申请—考核材料初审通过名单公示', '水资源与环境学院第二十七届研究生学术报告会获奖名单', '2020年冬季毕业研究生答辩材料', '中国地质大学（北京）水资源与环境学院博士生“申请-考核”招生选拔实施细则', '水资源与环境学院关于举办第二十七届研究生学术报告会 及研究生开题、中期考核的通知', '2020年水资源与环境学院研究生学业奖学金评审结果公示', '吉林大学赵勇胜教授学术报告通知']
['水资源与环境学院2021申请-考核博士研究生拟录取名单公示（第一批）', '水资源与环境学院2021招收“申请-考核”攻读博士学位研究生复试通知', '水资源与环境学院2021年博士生申请—考核材料初审通过名单公示', '水资源与环境学院第二十七届研究生学术报告会获奖名单', '2020年冬季毕业研究生答辩材料', '中国地质大学（北京）水资源与环境学院博士生“申请-考核”招生选拔实施细则', '水资源与环境学院关于举办第二十七届研究生学术报告会 及研究生开题、中期考核的通知', '2020年水资源与环境学院研究生学业奖学金评审结果公示', '吉林大学赵勇胜教授学术报告通知']
['水资源与环境学院2021申请-考核博士研究生拟录取名单公示（第一批）', '水资源与环境学院2021招收“申请-考核”攻读博士学位研究生复试通知', '水资源与环境学院2021年博士生申请—考核材料初审通过名单公示', '水资源与环境学院第二十七届研究生学术报告会获奖名单', '2020年冬季毕业研究生答辩材料', '中国地质大学（北京）水资源与环境学院博士生“申请-考核”招生选拔实施细则', '水资源与环境学院关于举办第二十七届研究生学术报告会 及研究生开题、中期考核的通知', '2020年水资源与环境学院研究生学业奖学金评审结果公示', '吉林大学赵勇胜教授学术报告通知']
['水资源与环境学院2021申请-考核博士研究生拟录取名单公示（第一批）', '水资源与环境学院2021招收“申请-考核”攻读博士学位研究生复试通知', '水资源与环境学院2021年博士生申请—考核材料初审通过名单公示', '水资源与环境学院第二十七届研究生学术报告会获奖名单', '2020年冬季毕业研究生答辩材料', '中国地质大学（北京）水资源与环境学院博士生“申请-考核”招生选拔实施细则', '水资源与环境学院关于举办第二十七届研究生学术报告会 及研究生开题、中期考核的通知', '2020年水资源与环境学院研究生学业奖学金评审结果公示', '吉林大学赵勇胜教授学术报告通知']
['水资源与环境学院2021申请-考核博士研究生拟录取名单公示（第一批）', '水资源与环境学院2021招收“申请-考核”攻读博士学位研究生复试通知', '水资源与环境学院2021年博士生申请—考核材料初审通过名单公示', '水资源与环境学院第二十七届研究生学术报告会获奖名单', '2020年冬季毕业研究生答辩材料', '中国地质大学（北京）水资源与环境学院博士生“申请-考核”招生选拔实施细则', '水资源与环境学院关于举办第二十七届研究生学术报告会 及研究生开题、中期考核的通知', '2020年水资源与环境学院研究生学业奖学金评审结果公示', '吉林大学赵勇胜教授学术报告通知']
['水资源与环境学院2021申请-考核博士研究生拟录取名单公示（第一批）', '水资源与环境学院2021招收“申请-考核”攻读博士学位研究生复试通知', '水资源与环境学院2021年博士生申请—考核材料初审通过名单公示', '水资源与环境学院第二十七届研究生学术报告会获奖名单', '2020年冬季毕业研究生答辩材料', '中国地质大学（北京）水资源与环境学院博士生“申请-考核”招生选拔实施细则', '水资源与环境学院关于举办第二十七届研究生学术报告会 及研究生开题、中期考核的通知', '2020年水资源与环境学院研究生学业奖学金评审结果公示', '吉林大学赵勇胜教授学术报告通知']
['水资源与环境学院2021申请-考核博士研究生拟录取名单公示（第一批）', '水资源与环境学院2021招收“申请-考核”攻读博士学位研究生复试通知', '水资源与环境学院2021年博士生申请—考核材料初审通过名单公示', '水资源与环境学院第二十七届研究生学术报告会获奖名单', '2020年冬季毕业研究生答辩材料', '中国地质大学（北京）水资源与环境学院博士生“申请-考核”招生选拔实施细则', '水资源与环境学院关于举办第二十七届研究生学术报告会 及研究生开题、中期考核的通知', '2020年水资源与环境学院研究生学业奖学金评审结果公示', '吉林大学赵勇胜教授学术报告通知']
['水资源与环境学院2021申请-考核博士研究生拟录取名单公示（第一批）', '水资源与环境学院2021招收“申请-考核”攻读博士学位研究生复试通知', '水资源与环境学院2021年博士生申请—考核材料初审通过名单公示', '水资源与环境学院第二十七届研究生学术报告会获奖名单', '2020年冬季毕业研究生答辩材料', '中国地质大学（北京）水资源与环境学院博士生“申请-考核”招生选拔实施细则', '水资源与环境学院关于举办第二十七届研究生学术报告会 及研究生开题、中期考核的通知', '2020年水资源与环境学院研究生学业奖学金评审结果公示', '吉林大学赵勇胜教授学术报告通知']
['水资源与环境学院2021申请-考核博士研究生拟录取名单公示（第一批）', '水资源与环境学院2021招收“申请-考核”攻读博士学位研究生复试通知', '水资源与环境学院2021年博士生申请—考核材料初审通过名单公示', '水资源与环境学院第二十七届研究生学术报告会获奖名单', '2020年冬季毕业研究生答辩材料', '中国地质大学（北京）水资源与环境学院博士生“申请-考核”招生选拔实施细则', '水资源与环境学院关于举办第二十七届研究生学术报告会 及研究生开题、中期考核的通知', '2020年水资源与环境学院研究生学业奖学金评审结果公示', '吉林大学赵勇胜教授学术报告通知']
['水资源与环境学院2021申请-考核博士研究生拟录取名单公示（第一批）', '水资源与环境学院2021招收“申请-考核”攻读博士学位研究生复试通知', '水资源与环境学院2021年博士生申请—考核材料初审通过名单公示', '水资源与环境学院第二十七届研究生学术报告会获奖名单', '2020年冬季毕业研究生答辩材料', '中国地质大学（北京）水资源与环境学院博士生“申请-考核”招生选拔实施细则', '水资源与环境学院关于举办第二十七届研究生学术报告会 及研究生开题、中期考核的通知', '2020年水资源与环境学院研究生学业奖学金评审结果公示', '吉林大学赵勇胜教授学术报告通知']
['水资源与环境学院2021申请-考核博士研究生拟录取名单公示（第一批）', '水资源与环境学院2021招收“申请-考核”攻读博士学位研究生复试通知', '水资源与环境学院2021年博士生申请—考核材料初审通过名单公示', '水资源与环境学院第二十七届研究生学术报告会获奖名单', '2020年冬季毕业研究生答辩材料', '中国地质大学（北京）水资源与环境学院博士生“申请-考核”招生选拔实施细则', '水资源与环境学院关于举办第二十七届研究生学术报告会 及研究生开题、中期考核的通知', '2020年水资源与环境学院研究生学业奖学金评审结果公示', '吉林大学赵勇胜教授学术报告通知']
['水资源与环境学院2021申请-考核博士研究生拟录取名单公示（第一批）', '水资源与环境学院2021招收“申请-考核”攻读博士学位研究生复试通知', '水资源与环境学院2021年博士生申请—考核材料初审通过名单公示', '水资源与环境学院第二十七届研究生学术报告会获奖名单', '2020年冬季毕业研究生答辩材料', '中国地质大学（北京）水资源与环境学院博士生“申请-考核”招生选拔实施细则', '水资源与环境学院关于举办第二十七届研究生学术报告会 及研究生开题、中期考核的通知', '2020年水资源与环境学院研究生学业奖学金评审结果公示', '吉林大学赵勇胜教授学术报告通知']
['水资源与环境学院2021申请-考核博士研究生拟录取名单公示（第一批）', '水资源与环境学院2021招收“申请-考核”攻读博士学位研究生复试通知', '水资源与环境学院2021年博士生申请—考核材料初审通过名单公示', '水资源与环境学院第二十七届研究生学术报告会获奖名单', '2020年冬季毕业研究生答辩材料', '中国地质大学（北京）水资源与环境学院博士生“申请-考核”招生选拔实施细则', '水资源与环境学院关于举办第二十七届研究生学术报告会 及研究生开题、中期考核的通知', '2020年水资源与环境学院研究生学业奖学金评审结果公示', '吉林大学赵勇胜教授学术报告通知']
['水资源与环境学院2021申请-考核博士研究生拟录取名单公示（第一批）', '水资源与环境学院2021招收“申请-考核”攻读博士学位研究生复试通知', '水资源与环境学院2021年博士生申请—考核材料初审通过名单公示', '水资源与环境学院第二十七届研究生学术报告会获奖名单', '2020年冬季毕业研究生答辩材料', '中国地质大学（北京）水资源与环境学院博士生“申请-考核”招生选拔实施细则', '水资源与环境学院关于举办第二十七届研究生学术报告会 及研究生开题、中期考核的通知', '2020年水资源与环境学院研究生学业奖学金评审结果公示', '吉林大学赵勇胜教授学术报告通知']
['水资源与环境学院2021申请-考核博士研究生拟录取名单公示（第一批）', '水资源与环境学院2021招收“申请-考核”攻读博士学位研究生复试通知', '水资源与环境学院2021年博士生申请—考核材料初审通过名单公示', '水资源与环境学院第二十七届研究生学术报告会获奖名单', '2020年冬季毕业研究生答辩材料', '中国地质大学（北京）水资源与环境学院博士生“申请-考核”招生选拔实施细则', '水资源与环境学院关于举办第二十七届研究生学术报告会 及研究生开题、中期考核的通知', '2020年水资源与环境学院研究生学业奖学金评审结果公示', '吉林大学赵勇胜教授学术报告通知']
['水资源与环境学院2021申请-考核博士研究生拟录取名单公示（第一批）', '水资源与环境学院2021招收“申请-考核”攻读博士学位研究生复试通知', '水资源与环境学院2021年博士生申请—考核材料初审通过名单公示', '水资源与环境学院第二十七届研究生学术报告会获奖名单', '2020年冬季毕业研究生答辩材料', '中国地质大学（北京）水资源与环境学院博士生“申请-考核”招生选拔实施细则', '水资源与环境学院关于举办第二十七届研究生学术报告会 及研究生开题、中期考核的通知', '2020年水资源与环境学院研究生学业奖学金评审结果公示', '吉林大学赵勇胜教授学术报告通知']
['水资源与环境学院2021申请-考核博士研究生拟录取名单公示（第一批）', '水资源与环境学院2021招收“申请-考核”攻读博士学位研究生复试通知', '水资源与环境学院2021年博士生申请—考核材料初审通过名单公示', '水资源与环境学院第二十七届研究生学术报告会获奖名单', '2020年冬季毕业研究生答辩材料', '中国地质大学（北京）水资源与环境学院博士生“申请-考核”招生选拔实施细则', '水资源与环境学院关于举办第二十七届研究生学术报告会 及研究生开题、中期考核的通知', '2020年水资源与环境学院研究生学业奖学金评审结果公示', '吉林大学赵勇胜教授学术报告通知']
['水资源与环境学院2021申请-考核博士研究生拟录取名单公示（第一批）', '水资源与环境学院2021招收“申请-考核”攻读博士学位研究生复试通知', '水资源与环境学院2021年博士生申请—考核材料初审通过名单公示', '水资源与环境学院第二十七届研究生学术报告会获奖名单', '2020年冬季毕业研究生答辩材料', '中国地质大学（北京）水资源与环境学院博士生“申请-考核”招生选拔实施细则', '水资源与环境学院关于举办第二十七届研究生学术报告会 及研究生开题、中期考核的通知', '2020年水资源与环境学院研究生学业奖学金评审结果公示', '吉林大学赵勇胜教授学术报告通知']
['水资源与环境学院2021申请-考核博士研究生拟录取名单公示（第一批）', '水资源与环境学院2021招收“申请-考核”攻读博士学位研究生复试通知', '水资源与环境学院2021年博士生申请—考核材料初审通过名单公示', '水资源与环境学院第二十七届研究生学术报告会获奖名单', '2020年冬季毕业研究生答辩材料', '中国地质大学（北京）水资源与环境学院博士生“申请-考核”招生选拔实施细则', '水资源与环境学院关于举办第二十七届研究生学术报告会 及研究生开题、中期考核的通知', '2020年水资源与环境学院研究生学业奖学金评审结果公示', '吉林大学赵勇胜教授学术报告通知']
['水资源与环境学院2021申请-考核博士研究生拟录取名单公示（第一批）', '水资源与环境学院2021招收“申请-考核”攻读博士学位研究生复试通知', '水资源与环境学院2021年博士生申请—考核材料初审通过名单公示', '水资源与环境学院第二十七届研究生学术报告会获奖名单', '2020年冬季毕业研究生答辩材料', '中国地质大学（北京）水资源与环境学院博士生“申请-考核”招生选拔实施细则', '水资源与环境学院关于举办第二十七届研究生学术报告会 及研究生开题、中期考核的通知', '2020年水资源与环境学院研究生学业奖学金评审结果公示', '吉林大学赵勇胜教授学术报告通知']
['水资源与环境学院2021申请-考核博士研究生拟录取名单公示（第一批）', '水资源与环境学院2021招收“申请-考核”攻读博士学位研究生复试通知', '水资源与环境学院2021年博士生申请—考核材料初审通过名单公示', '水资源与环境学院第二十七届研究生学术报告会获奖名单', '2020年冬季毕业研究生答辩材料', '中国地质大学（北京）水资源与环境学院博士生“申请-考核”招生选拔实施细则', '水资源与环境学院关于举办第二十七届研究生学术报告会 及研究生开题、中期考核的通知', '2020年水资源与环境学院研究生学业奖学金评审结果公示', '吉林大学赵勇胜教授学术报告通知']
['水资源与环境学院2021申请-考核博士研究生拟录取名单公示（第一批）', '水资源与环境学院2021招收“申请-考核”攻读博士学位研究生复试通知', '水资源与环境学院2021年博士生申请—考核材料初审通过名单公示', '水资源与环境学院第二十七届研究生学术报告会获奖名单', '2020年冬季毕业研究生答辩材料', '中国地质大学（北京）水资源与环境学院博士生“申请-考核”招生选拔实施细则', '水资源与环境学院关于举办第二十七届研究生学术报告会 及研究生开题、中期考核的通知', '2020年水资源与环境学院研究生学业奖学金评审结果公示', '吉林大学赵勇胜教授学术报告通知']
['水资源与环境学院2021申请-考核博士研究生拟录取名单公示（第一批）', '水资源与环境学院2021招收“申请-考核”攻读博士学位研究生复试通知', '水资源与环境学院2021年博士生申请—考核材料初审通过名单公示', '水资源与环境学院第二十七届研究生学术报告会获奖名单', '2020年冬季毕业研究生答辩材料', '中国地质大学（北京）水资源与环境学院博士生“申请-考核”招生选拔实施细则', '水资源与环境学院关于举办第二十七届研究生学术报告会 及研究生开题、中期考核的通知', '2020年水资源与环境学院研究生学业奖学金评审结果公示', '吉林大学赵勇胜教授学术报告通知']
['水资源与环境学院2021申请-考核博士研究生拟录取名单公示（第一批）', '水资源与环境学院2021招收“申请-考核”攻读博士学位研究生复试通知', '水资源与环境学院2021年博士生申请—考核材料初审通过名单公示', '水资源与环境学院第二十七届研究生学术报告会获奖名单', '2020年冬季毕业研究生答辩材料', '中国地质大学（北京）水资源与环境学院博士生“申请-考核”招生选拔实施细则', '水资源与环境学院关于举办第二十七届研究生学术报告会 及研究生开题、中期考核的通知', '2020年水资源与环境学院研究生学业奖学金评审结果公示', '吉林大学赵勇胜教授学术报告通知']
['水资源与环境学院2021申请-考核博士研究生拟录取名单公示（第一批）', '水资源与环境学院2021招收“申请-考核”攻读博士学位研究生复试通知', '水资源与环境学院2021年博士生申请—考核材料初审通过名单公示', '水资源与环境学院第二十七届研究生学术报告会获奖名单', '2020年冬季毕业研究生答辩材料', '中国地质大学（北京）水资源与环境学院博士生“申请-考核”招生选拔实施细则', '水资源与环境学院关于举办第二十七届研究生学术报告会 及研究生开题、中期考核的通知', '2020年水资源与环境学院研究生学业奖学金评审结果公示', '吉林大学赵勇胜教授学术报告通知']
['水资源与环境学院2021申请-考核博士研究生拟录取名单公示（第一批）', '水资源与环境学院2021招收“申请-考核”攻读博士学位研究生复试通知', '水资源与环境学院2021年博士生申请—考核材料初审通过名单公示', '水资源与环境学院第二十七届研究生学术报告会获奖名单', '2020年冬季毕业研究生答辩材料', '中国地质大学（北京）水资源与环境学院博士生“申请-考核”招生选拔实施细则', '水资源与环境学院关于举办第二十七届研究生学术报告会 及研究生开题、中期考核的通知', '2020年水资源与环境学院研究生学业奖学金评审结果公示', '吉林大学赵勇胜教授学术报告通知']
['水资源与环境学院2021申请-考核博士研究生拟录取名单公示（第一批）', '水资源与环境学院2021招收“申请-考核”攻读博士学位研究生复试通知', '水资源与环境学院2021年博士生申请—考核材料初审通过名单公示', '水资源与环境学院第二十七届研究生学术报告会获奖名单', '2020年冬季毕业研究生答辩材料', '中国地质大学（北京）水资源与环境学院博士生“申请-考核”招生选拔实施细则', '水资源与环境学院关于举办第二十七届研究生学术报告会 及研究生开题、中期考核的通知', '2020年水资源与环境学院研究生学业奖学金评审结果公示', '吉林大学赵勇胜教授学术报告通知']
['水资源与环境学院2021申请-考核博士研究生拟录取名单公示（第一批）', '水资源与环境学院2021招收“申请-考核”攻读博士学位研究生复试通知', '水资源与环境学院2021年博士生申请—考核材料初审通过名单公示', '水资源与环境学院第二十七届研究生学术报告会获奖名单', '2020年冬季毕业研究生答辩材料', '中国地质大学（北京）水资源与环境学院博士生“申请-考核”招生选拔实施细则', '水资源与环境学院关于举办第二十七届研究生学术报告会 及研究生开题、中期考核的通知', '2020年水资源与环境学院研究生学业奖学金评审结果公示', '吉林大学赵勇胜教授学术报告通知']
['水资源与环境学院2021申请-考核博士研究生拟录取名单公示（第一批）', '水资源与环境学院2021招收“申请-考核”攻读博士学位研究生复试通知', '水资源与环境学院2021年博士生申请—考核材料初审通过名单公示', '水资源与环境学院第二十七届研究生学术报告会获奖名单', '2020年冬季毕业研究生答辩材料', '中国地质大学（北京）水资源与环境学院博士生“申请-考核”招生选拔实施细则', '水资源与环境学院关于举办第二十七届研究生学术报告会 及研究生开题、中期考核的通知', '2020年水资源与环境学院研究生学业奖学金评审结果公示', '吉林大学赵勇胜教授学术报告通知']
['水资源与环境学院2021申请-考核博士研究生拟录取名单公示（第一批）', '水资源与环境学院2021招收“申请-考核”攻读博士学位研究生复试通知', '水资源与环境学院2021年博士生申请—考核材料初审通过名单公示', '水资源与环境学院第二十七届研究生学术报告会获奖名单', '2020年冬季毕业研究生答辩材料', '中国地质大学（北京）水资源与环境学院博士生“申请-考核”招生选拔实施细则', '水资源与环境学院关于举办第二十七届研究生学术报告会 及研究生开题、中期考核的通知', '2020年水资源与环境学院研究生学业奖学金评审结果公示', '吉林大学赵勇胜教授学术报告通知']
['水资源与环境学院2021申请-考核博士研究生拟录取名单公示（第一批）', '水资源与环境学院2021招收“申请-考核”攻读博士学位研究生复试通知', '水资源与环境学院2021年博士生申请—考核材料初审通过名单公示', '水资源与环境学院第二十七届研究生学术报告会获奖名单', '2020年冬季毕业研究生答辩材料', '中国地质大学（北京）水资源与环境学院博士生“申请-考核”招生选拔实施细则', '水资源与环境学院关于举办第二十七届研究生学术报告会 及研究生开题、中期考核的通知', '2020年水资源与环境学院研究生学业奖学金评审结果公示', '吉林大学赵勇胜教授学术报告通知']
['水资源与环境学院2021申请-考核博士研究生拟录取名单公示（第一批）', '水资源与环境学院2021招收“申请-考核”攻读博士学位研究生复试通知', '水资源与环境学院2021年博士生申请—考核材料初审通过名单公示', '水资源与环境学院第二十七届研究生学术报告会获奖名单', '2020年冬季毕业研究生答辩材料', '中国地质大学（北京）水资源与环境学院博士生“申请-考核”招生选拔实施细则', '水资源与环境学院关于举办第二十七届研究生学术报告会 及研究生开题、中期考核的通知', '2020年水资源与环境学院研究生学业奖学金评审结果公示', '吉林大学赵勇胜教授学术报告通知']
['水资源与环境学院2021申请-考核博士研究生拟录取名单公示（第一批）', '水资源与环境学院2021招收“申请-考核”攻读博士学位研究生复试通知', '水资源与环境学院2021年博士生申请—考核材料初审通过名单公示', '水资源与环境学院第二十七届研究生学术报告会获奖名单', '2020年冬季毕业研究生答辩材料', '中国地质大学（北京）水资源与环境学院博士生“申请-考核”招生选拔实施细则', '水资源与环境学院关于举办第二十七届研究生学术报告会 及研究生开题、中期考核的通知', '2020年水资源与环境学院研究生学业奖学金评审结果公示', '吉林大学赵勇胜教授学术报告通知']
['水资源与环境学院2021申请-考核博士研究生拟录取名单公示（第一批）', '水资源与环境学院2021招收“申请-考核”攻读博士学位研究生复试通知', '水资源与环境学院2021年博士生申请—考核材料初审通过名单公示', '水资源与环境学院第二十七届研究生学术报告会获奖名单', '2020年冬季毕业研究生答辩材料', '中国地质大学（北京）水资源与环境学院博士生“申请-考核”招生选拔实施细则', '水资源与环境学院关于举办第二十七届研究生学术报告会 及研究生开题、中期考核的通知', '2020年水资源与环境学院研究生学业奖学金评审结果公示', '吉林大学赵勇胜教授学术报告通知']
['水资源与环境学院2021申请-考核博士研究生拟录取名单公示（第一批）', '水资源与环境学院2021招收“申请-考核”攻读博士学位研究生复试通知', '水资源与环境学院2021年博士生申请—考核材料初审通过名单公示', '水资源与环境学院第二十七届研究生学术报告会获奖名单', '2020年冬季毕业研究生答辩材料', '中国地质大学（北京）水资源与环境学院博士生“申请-考核”招生选拔实施细则', '水资源与环境学院关于举办第二十七届研究生学术报告会 及研究生开题、中期考核的通知', '2020年水资源与环境学院研究生学业奖学金评审结果公示', '吉林大学赵勇胜教授学术报告通知']
['水资源与环境学院2021申请-考核博士研究生拟录取名单公示（第一批）', '水资源与环境学院2021招收“申请-考核”攻读博士学位研究生复试通知', '水资源与环境学院2021年博士生申请—考核材料初审通过名单公示', '水资源与环境学院第二十七届研究生学术报告会获奖名单', '2020年冬季毕业研究生答辩材料', '中国地质大学（北京）水资源与环境学院博士生“申请-考核”招生选拔实施细则', '水资源与环境学院关于举办第二十七届研究生学术报告会 及研究生开题、中期考核的通知', '2020年水资源与环境学院研究生学业奖学金评审结果公示', '吉林大学赵勇胜教授学术报告通知']
['水资源与环境学院2021申请-考核博士研究生拟录取名单公示（第一批）', '水资源与环境学院2021招收“申请-考核”攻读博士学位研究生复试通知', '水资源与环境学院2021年博士生申请—考核材料初审通过名单公示', '水资源与环境学院第二十七届研究生学术报告会获奖名单', '2020年冬季毕业研究生答辩材料', '中国地质大学（北京）水资源与环境学院博士生“申请-考核”招生选拔实施细则', '水资源与环境学院关于举办第二十七届研究生学术报告会 及研究生开题、中期考核的通知', '2020年水资源与环境学院研究生学业奖学金评审结果公示', '吉林大学赵勇胜教授学术报告通知']
['水资源与环境学院2021申请-考核博士研究生拟录取名单公示（第一批）', '水资源与环境学院2021招收“申请-考核”攻读博士学位研究生复试通知', '水资源与环境学院2021年博士生申请—考核材料初审通过名单公示', '水资源与环境学院第二十七届研究生学术报告会获奖名单', '2020年冬季毕业研究生答辩材料', '中国地质大学（北京）水资源与环境学院博士生“申请-考核”招生选拔实施细则', '水资源与环境学院关于举办第二十七届研究生学术报告会 及研究生开题、中期考核的通知', '2020年水资源与环境学院研究生学业奖学金评审结果公示', '吉林大学赵勇胜教授学术报告通知']
['水资源与环境学院2021申请-考核博士研究生拟录取名单公示（第一批）', '水资源与环境学院2021招收“申请-考核”攻读博士学位研究生复试通知', '水资源与环境学院2021年博士生申请—考核材料初审通过名单公示', '水资源与环境学院第二十七届研究生学术报告会获奖名单', '2020年冬季毕业研究生答辩材料', '中国地质大学（北京）水资源与环境学院博士生“申请-考核”招生选拔实施细则', '水资源与环境学院关于举办第二十七届研究生学术报告会 及研究生开题、中期考核的通知', '2020年水资源与环境学院研究生学业奖学金评审结果公示', '吉林大学赵勇胜教授学术报告通知']
['水资源与环境学院2021申请-考核博士研究生拟录取名单公示（第一批）', '水资源与环境学院2021招收“申请-考核”攻读博士学位研究生复试通知', '水资源与环境学院2021年博士生申请—考核材料初审通过名单公示', '水资源与环境学院第二十七届研究生学术报告会获奖名单', '2020年冬季毕业研究生答辩材料', '中国地质大学（北京）水资源与环境学院博士生“申请-考核”招生选拔实施细则', '水资源与环境学院关于举办第二十七届研究生学术报告会 及研究生开题、中期考核的通知', '2020年水资源与环境学院研究生学业奖学金评审结果公示', '吉林大学赵勇胜教授学术报告通知']
['水资源与环境学院2021申请-考核博士研究生拟录取名单公示（第一批）', '水资源与环境学院2021招收“申请-考核”攻读博士学位研究生复试通知', '水资源与环境学院2021年博士生申请—考核材料初审通过名单公示', '水资源与环境学院第二十七届研究生学术报告会获奖名单', '2020年冬季毕业研究生答辩材料', '中国地质大学（北京）水资源与环境学院博士生“申请-考核”招生选拔实施细则', '水资源与环境学院关于举办第二十七届研究生学术报告会 及研究生开题、中期考核的通知', '2020年水资源与环境学院研究生学业奖学金评审结果公示', '吉林大学赵勇胜教授学术报告通知']
['水资源与环境学院2021申请-考核博士研究生拟录取名单公示（第一批）', '水资源与环境学院2021招收“申请-考核”攻读博士学位研究生复试通知', '水资源与环境学院2021年博士生申请—考核材料初审通过名单公示', '水资源与环境学院第二十七届研究生学术报告会获奖名单', '2020年冬季毕业研究生答辩材料', '中国地质大学（北京）水资源与环境学院博士生“申请-考核”招生选拔实施细则', '水资源与环境学院关于举办第二十七届研究生学术报告会 及研究生开题、中期考核的通知', '2020年水资源与环境学院研究生学业奖学金评审结果公示', '吉林大学赵勇胜教授学术报告通知']
['水资源与环境学院2021申请-考核博士研究生拟录取名单公示（第一批）', '水资源与环境学院2021招收“申请-考核”攻读博士学位研究生复试通知', '水资源与环境学院2021年博士生申请—考核材料初审通过名单公示', '水资源与环境学院第二十七届研究生学术报告会获奖名单', '2020年冬季毕业研究生答辩材料', '中国地质大学（北京）水资源与环境学院博士生“申请-考核”招生选拔实施细则', '水资源与环境学院关于举办第二十七届研究生学术报告会 及研究生开题、中期考核的通知', '2020年水资源与环境学院研究生学业奖学金评审结果公示', '吉林大学赵勇胜教授学术报告通知']
['水资源与环境学院2021申请-考核博士研究生拟录取名单公示（第一批）', '水资源与环境学院2021招收“申请-考核”攻读博士学位研究生复试通知', '水资源与环境学院2021年博士生申请—考核材料初审通过名单公示', '水资源与环境学院第二十七届研究生学术报告会获奖名单', '2020年冬季毕业研究生答辩材料', '中国地质大学（北京）水资源与环境学院博士生“申请-考核”招生选拔实施细则', '水资源与环境学院关于举办第二十七届研究生学术报告会 及研究生开题、中期考核的通知', '2020年水资源与环境学院研究生学业奖学金评审结果公示', '吉林大学赵勇胜教授学术报告通知']
['水资源与环境学院2021申请-考核博士研究生拟录取名单公示（第一批）', '水资源与环境学院2021招收“申请-考核”攻读博士学位研究生复试通知', '水资源与环境学院2021年博士生申请—考核材料初审通过名单公示', '水资源与环境学院第二十七届研究生学术报告会获奖名单', '2020年冬季毕业研究生答辩材料', '中国地质大学（北京）水资源与环境学院博士生“申请-考核”招生选拔实施细则', '水资源与环境学院关于举办第二十七届研究生学术报告会 及研究生开题、中期考核的通知', '2020年水资源与环境学院研究生学业奖学金评审结果公示', '吉林大学赵勇胜教授学术报告通知']
['水资源与环境学院2021申请-考核博士研究生拟录取名单公示（第一批）', '水资源与环境学院2021招收“申请-考核”攻读博士学位研究生复试通知', '水资源与环境学院2021年博士生申请—考核材料初审通过名单公示', '水资源与环境学院第二十七届研究生学术报告会获奖名单', '2020年冬季毕业研究生答辩材料', '中国地质大学（北京）水资源与环境学院博士生“申请-考核”招生选拔实施细则', '水资源与环境学院关于举办第二十七届研究生学术报告会 及研究生开题、中期考核的通知', '2020年水资源与环境学院研究生学业奖学金评审结果公示', '吉林大学赵勇胜教授学术报告通知']
['水资源与环境学院2021申请-考核博士研究生拟录取名单公示（第一批）', '水资源与环境学院2021招收“申请-考核”攻读博士学位研究生复试通知', '水资源与环境学院2021年博士生申请—考核材料初审通过名单公示', '水资源与环境学院第二十七届研究生学术报告会获奖名单', '2020年冬季毕业研究生答辩材料', '中国地质大学（北京）水资源与环境学院博士生“申请-考核”招生选拔实施细则', '水资源与环境学院关于举办第二十七届研究生学术报告会 及研究生开题、中期考核的通知', '2020年水资源与环境学院研究生学业奖学金评审结果公示', '吉林大学赵勇胜教授学术报告通知']
['水资源与环境学院2021申请-考核博士研究生拟录取名单公示（第一批）', '水资源与环境学院2021招收“申请-考核”攻读博士学位研究生复试通知', '水资源与环境学院2021年博士生申请—考核材料初审通过名单公示', '水资源与环境学院第二十七届研究生学术报告会获奖名单', '2020年冬季毕业研究生答辩材料', '中国地质大学（北京）水资源与环境学院博士生“申请-考核”招生选拔实施细则', '水资源与环境学院关于举办第二十七届研究生学术报告会 及研究生开题、中期考核的通知', '2020年水资源与环境学院研究生学业奖学金评审结果公示', '吉林大学赵勇胜教授学术报告通知']
['水资源与环境学院2021申请-考核博士研究生拟录取名单公示（第一批）', '水资源与环境学院2021招收“申请-考核”攻读博士学位研究生复试通知', '水资源与环境学院2021年博士生申请—考核材料初审通过名单公示', '水资源与环境学院第二十七届研究生学术报告会获奖名单', '2020年冬季毕业研究生答辩材料', '中国地质大学（北京）水资源与环境学院博士生“申请-考核”招生选拔实施细则', '水资源与环境学院关于举办第二十七届研究生学术报告会 及研究生开题、中期考核的通知', '2020年水资源与环境学院研究生学业奖学金评审结果公示', '吉林大学赵勇胜教授学术报告通知']
['水资源与环境学院2021申请-考核博士研究生拟录取名单公示（第一批）', '水资源与环境学院2021招收“申请-考核”攻读博士学位研究生复试通知', '水资源与环境学院2021年博士生申请—考核材料初审通过名单公示', '水资源与环境学院第二十七届研究生学术报告会获奖名单', '2020年冬季毕业研究生答辩材料', '中国地质大学（北京）水资源与环境学院博士生“申请-考核”招生选拔实施细则', '水资源与环境学院关于举办第二十七届研究生学术报告会 及研究生开题、中期考核的通知', '2020年水资源与环境学院研究生学业奖学金评审结果公示', '吉林大学赵勇胜教授学术报告通知']
['水资源与环境学院2021申请-考核博士研究生拟录取名单公示（第一批）', '水资源与环境学院2021招收“申请-考核”攻读博士学位研究生复试通知', '水资源与环境学院2021年博士生申请—考核材料初审通过名单公示', '水资源与环境学院第二十七届研究生学术报告会获奖名单', '2020年冬季毕业研究生答辩材料', '中国地质大学（北京）水资源与环境学院博士生“申请-考核”招生选拔实施细则', '水资源与环境学院关于举办第二十七届研究生学术报告会 及研究生开题、中期考核的通知', '2020年水资源与环境学院研究生学业奖学金评审结果公示', '吉林大学赵勇胜教授学术报告通知']
['水资源与环境学院2021申请-考核博士研究生拟录取名单公示（第一批）', '水资源与环境学院2021招收“申请-考核”攻读博士学位研究生复试通知', '水资源与环境学院2021年博士生申请—考核材料初审通过名单公示', '水资源与环境学院第二十七届研究生学术报告会获奖名单', '2020年冬季毕业研究生答辩材料', '中国地质大学（北京）水资源与环境学院博士生“申请-考核”招生选拔实施细则', '水资源与环境学院关于举办第二十七届研究生学术报告会 及研究生开题、中期考核的通知', '2020年水资源与环境学院研究生学业奖学金评审结果公示', '吉林大学赵勇胜教授学术报告通知']
['水资源与环境学院2021申请-考核博士研究生拟录取名单公示（第一批）', '水资源与环境学院2021招收“申请-考核”攻读博士学位研究生复试通知', '水资源与环境学院2021年博士生申请—考核材料初审通过名单公示', '水资源与环境学院第二十七届研究生学术报告会获奖名单', '2020年冬季毕业研究生答辩材料', '中国地质大学（北京）水资源与环境学院博士生“申请-考核”招生选拔实施细则', '水资源与环境学院关于举办第二十七届研究生学术报告会 及研究生开题、中期考核的通知', '2020年水资源与环境学院研究生学业奖学金评审结果公示', '吉林大学赵勇胜教授学术报告通知']
['水资源与环境学院2021申请-考核博士研究生拟录取名单公示（第一批）', '水资源与环境学院2021招收“申请-考核”攻读博士学位研究生复试通知', '水资源与环境学院2021年博士生申请—考核材料初审通过名单公示', '水资源与环境学院第二十七届研究生学术报告会获奖名单', '2020年冬季毕业研究生答辩材料', '中国地质大学（北京）水资源与环境学院博士生“申请-考核”招生选拔实施细则', '水资源与环境学院关于举办第二十七届研究生学术报告会 及研究生开题、中期考核的通知', '2020年水资源与环境学院研究生学业奖学金评审结果公示', '吉林大学赵勇胜教授学术报告通知']
['水资源与环境学院2021申请-考核博士研究生拟录取名单公示（第一批）', '水资源与环境学院2021招收“申请-考核”攻读博士学位研究生复试通知', '水资源与环境学院2021年博士生申请—考核材料初审通过名单公示', '水资源与环境学院第二十七届研究生学术报告会获奖名单', '2020年冬季毕业研究生答辩材料', '中国地质大学（北京）水资源与环境学院博士生“申请-考核”招生选拔实施细则', '水资源与环境学院关于举办第二十七届研究生学术报告会 及研究生开题、中期考核的通知', '2020年水资源与环境学院研究生学业奖学金评审结果公示', '吉林大学赵勇胜教授学术报告通知']
['水资源与环境学院2021申请-考核博士研究生拟录取名单公示（第一批）', '水资源与环境学院2021招收“申请-考核”攻读博士学位研究生复试通知', '水资源与环境学院2021年博士生申请—考核材料初审通过名单公示', '水资源与环境学院第二十七届研究生学术报告会获奖名单', '2020年冬季毕业研究生答辩材料', '中国地质大学（北京）水资源与环境学院博士生“申请-考核”招生选拔实施细则', '水资源与环境学院关于举办第二十七届研究生学术报告会 及研究生开题、中期考核的通知', '2020年水资源与环境学院研究生学业奖学金评审结果公示', '吉林大学赵勇胜教授学术报告通知']
['水资源与环境学院2021申请-考核博士研究生拟录取名单公示（第一批）', '水资源与环境学院2021招收“申请-考核”攻读博士学位研究生复试通知', '水资源与环境学院2021年博士生申请—考核材料初审通过名单公示', '水资源与环境学院第二十七届研究生学术报告会获奖名单', '2020年冬季毕业研究生答辩材料', '中国地质大学（北京）水资源与环境学院博士生“申请-考核”招生选拔实施细则', '水资源与环境学院关于举办第二十七届研究生学术报告会 及研究生开题、中期考核的通知', '2020年水资源与环境学院研究生学业奖学金评审结果公示', '吉林大学赵勇胜教授学术报告通知']
